1;0.0;0.4664897147446249;58311.21434307811;0.0;0.0;0.0;0.46649428388107994;58311.78548513498
2;0.0;0.11566463316788929;14458.079145986165;0.13578365590661196;420.8683379633112;32821.36252576209;0.1652701737388038;20658.77171735048
3;0.0;0.06512630842461133;8140.788553076416;0.03611260036236106;156.11782601612157;12204.314580737422;0.05202867790723113;6503.584738403892
4;0.0;0.059644970571728836;7455.621321466106;0.015856396934120942;98.68114054873908;7678.445582401426;0.024745245662017572;3093.155707752198
5;0.0;0.0692378172862201;8654.727160777515;0.013321816863326112;103.74880192079326;8115.999085756479;0.024857453445886198;3107.1816807357764
6;0.0;0.07529988777791373;9412.485972239214;0.014955263710877843;119.98827401042153;9353.303184752433;0.023048203835405474;2881.025479425685
7;0.0;0.07455412893944907;9319.266117431136;0.01590629067946389;120.54562414289457;9434.586921725824;0.026075215724484423;3259.401965560554
8;0.0;0.07016583262615503;8770.729078269378;0.015695442999482355;117.08397670048623;9118.007822386422;0.024453807020290316;3056.7258775362893
9;0.0;0.07583638245279374;9479.547806599214;0.014797227609940991;122.07703264742308;9529.610966136024;0.025810940475263573;3226.3675594079477
10;0.0;0.07124744352133905;8905.930440167383;0.01593138205383012;114.317284782311;8989.464412277297;0.024780135216289675;3097.51690203621
11;0.0;0.06750034844235991;8437.54355529499;0.014857679049784326;107.62836940138045;8425.00980737708;0.027537542603507666;3442.1928254384584
12;0.0;0.07225349420810041;9031.686776012551;0.014139003400873065;118.23868402515312;9246.886940343762;0.02143173612737894;2678.9670159223683
13;0.0;0.06991760112731557;8739.700140914445;0.015021649271448181;110.46898705066506;8587.831674503173;0.026331927474182372;3291.4909342727956
14;0.0;0.06918201541441246;8647.751926801555;0.014589153838259428;116.04167182525423;9065.004053054803;0.024124107335194798;3015.5134168993513
15;0.0;0.06146031666230171;7682.539582787712;0.014216194611537227;104.97098837297857;8135.168177800628;0.024662904462986506;3082.863057873315
16;0.0;0.06391969463336318;7989.9618291704;0.012990503862726035;101.48281184515929;7933.788901470721;0.025342905213096612;3167.863151637078
17;0.0;0.07245550256894501;9056.937821118128;0.013401935384902433;112.46114706866544;8774.180343319824;0.023907687129155763;2988.4608911444698
18;0.0;0.06947657932691848;8684.572415864814;0.014934871223211136;111.27731125436128;8730.381737421336;0.02647464676233472;3309.330845291839
19;0.0;0.06126253413608023;7657.816767010033;0.01457934204966397;101.5882252035146;7921.859214830823;0.02175796805968791;2719.7460074609908
20;0.0;0.07492265444143316;9365.331805179141;0.012923820711384077;113.26346101015987;8851.383761938017;0.024323730881589685;3040.4663601987113
21;0.0;0.07488100119689639;9360.125149612051;0.015591703263274352;120.69343644125809;9468.994438038288;0.023676116205290088;2959.5145256612614
22;0.0;0.0781973694354075;9774.671179425935;0.01563390064756394;122.26738894733951;9521.141787096754;0.023802076099567443;2975.259512445931
23;0.0;0.0718175363589256;8977.1920448657;0.016126070487145965;115.39816766309595;9012.277745492534;0.027475747980908554;3434.4684976135677
24;0.0;0.06626162049452157;8282.702561815197;0.014855435303968711;106.01075417145188;8270.428917075584;0.024681516517426554;3085.1895646783196
25;0.0;0.07348618348270919;9185.77293533865;0.014027522502366553;108.22118831356454;8473.121877625745;0.022684303558399135;2835.537944799892
26;0.0;0.06965644258501863;8707.055323127333;0.015386978023497665;119.32087160258259;9253.489675122568;0.025744017389179967;3218.0021736474955
27;0.0;0.062466085430095554;7808.260678761948;0.014556762625130639;107.88441731779433;8381.979611350771;0.02657345762721893;3321.6822034023658
28;0.0;0.07109397542381211;8886.746927976514;0.013135095438039264;111.06465279286654;8670.687179566567;0.021101973807812386;2637.746725976548
29;0.0;0.07129634626486828;8912.043283108538;0.015002286378452441;110.22436164478339;8597.851978232702;0.024431732261008428;3053.966532626053
30;0.0;0.07060688568687899;8825.860710859874;0.014726670837008614;107.6620689936804;8421.797014527245;0.026660411670820085;3332.5514588525116
31;0.0;0.07149657012636063;8937.071265795075;0.014762895932746394;112.50337594934652;8821.72993690013;0.024079766170824832;3009.970771353104
32;0.0;0.07559057081087295;9448.82135135912;0.015053559645465918;119.22252303990214;9313.819280102014;0.025359239998075645;3169.904999759457
33;0.0;0.07232836480828252;9041.045601035314;0.01572125166066302;107.66847263707237;8449.626832345912;0.029170856855814165;3646.3571069767695
34;0.0;0.07004069488354327;8755.086860442907;0.01511371693007382;113.52034663442494;8899.556707926524;0.02513244652399762;3141.5558154997025
35;0.0;0.08021920047469933;10027.400059337413;0.014702531901992246;119.91502991702085;9379.49074941705;0.026248835049197897;3281.1043811497366
36;0.0;0.07490505038122865;9363.13129765358;0.01655868336725779;116.24593068146513;9142.586087119991;0.027019706829023896;3377.4633536279857
37;0.0;0.07608364726395285;9510.455907994106;0.015564204823517315;115.93536302612763;9100.484664296731;0.025955757056160007;3244.469632020001
38;0.0;0.08125511269453509;10156.88908681689;0.015850657989988935;130.25701670159654;10186.460989347575;0.0204187482482546;2552.3435310318246
39;0.0;0.0719069939162638;8988.37423953298;0.016922129498792404;120.23876704291338;9421.77937705506;0.02280698130310103;2850.8726628876284
40;0.0;0.07007389767331057;8759.237209163823;0.015192753087610554;116.53087831128707;9093.792745664485;0.02511577207974303;3139.4715099678806
41;0.0;0.07302911878093563;9128.63984761695;0.014726667942627085;115.6941934584446;9057.89089496556;0.02246735590944337;2808.4194886804216
42;0.0;0.07458046402511584;9322.558003139484;0.015298314024113906;115.73665970642143;9040.068548075284;0.029946361956110792;3743.2952445138503
43;0.0;0.06921123902493292;8651.404878116617;0.01551754613156024;109.05658898021706;8576.926242518352;0.027766742708960294;3470.842838620038
44;0.0;0.0724793462601423;9059.918282517785;0.014477969592518833;111.42917885365571;8703.933199559839;0.02758480457063273;3448.100571329091
45;0.0;0.0679417277707419;8492.715971342735;0.015111337134469605;108.68696517982272;8520.302992992678;0.022160977737852635;2770.1222172315784
46;0.0;0.06878553671695817;8598.19208961977;0.014166760600684268;110.50168279261634;8599.502882702;0.024363756969531605;3045.4696211914516
47;0.0;0.06787875882405629;8484.844853007038;0.014270996517356457;109.0381488287471;8498.216304913638;0.023091600597827774;2886.4500747284724
48;0.0;0.06895205921686748;8619.007402108433;0.014031728743800601;110.83816310278696;8663.059639013229;0.025214804818883694;3151.8506023604614
49;0.0;0.07775178354384933;9718.972942981167;0.014455014128322393;117.79804752201964;9219.17993604095;0.029483711263923334;3685.4639079904173
50;0.0;0.07117901523113115;8897.376903891392;0.016297221900296383;117.20473155977962;9174.599559059787;0.028020311418226602;3502.538927278325
51;0.0;0.07250100131077915;9062.625163847395;0.015050654194964425;110.0989028101552;8569.835868906708;0.02625113007073028;3281.391258841286
52;0.0;0.07373015177085696;9216.26897135712;0.015271967893035266;110.05358876474676;8607.89215882146;0.024429993395529193;3053.749174441149
53;0.0;0.06645808385315966;8307.260481644958;0.015378560878297412;107.68152116310391;8411.977908310268;0.025631373091459617;3203.9216364324516
54;0.0;0.06877042660381277;8596.303325476596;0.013970806478435667;106.66646333313953;8341.459110946958;0.028581118298513092;3572.6397873141373
55;0.0;0.07325015552664989;9156.269440831236;0.014179854317795367;109.93678001469755;8594.900723399893;0.023939475140645834;2992.4343925807293
56;0.0;0.06830559679984066;8538.199599980082;0.015287506247704374;107.2240644631605;8395.651262951555;0.025936051644118847;3242.006455514856
57;0.0;0.07417663919875582;9272.079899844479;0.014569236130350145;118.59646875012761;9221.392956657905;0.026638529816008987;3329.816227001124
58;0.0;0.07546424442233288;9433.03055279161;0.015677930882801467;115.24547713467979;9031.66067777128;0.03056026137228541;3820.0326715356773
59;0.0;0.07462757827831747;9328.447284789681;0.015809361670972053;120.15435863921043;9370.875677864902;0.026235457859926894;3279.4322324908617
60;0.0;0.08144827497837874;10181.034372297345;0.01576498096407351;127.94957248853937;9977.79538765453;0.026022311704105;3252.7889630131244
61;0.0;0.0742738780238221;9284.23475297776;0.01692419083483462;116.80272727980285;9096.700494855266;0.026127320113628193;3265.915014203523
62;0.0;0.0750167568593151;9377.094607414389;0.015374854985345392;120.14526998596324;9359.148290287958;0.025559015635004415;3194.8769543755507
63;0.0;0.07202310035092906;9002.887543866134;0.015581973821936036;115.31916189428364;9010.332324037776;0.026993881302428514;3374.235162803565
64;0.0;0.06410665617379835;8013.332021724796;0.015036395947417052;101.9189893984433;7992.823619091066;0.02118460266272653;2648.0753328408164
65;0.0;0.06697807302721093;8372.259128401363;0.013631792600751383;98.88816916092642;7745.678780449136;0.02459562930603727;3074.4536632546606
66;0.0;0.07024137949788854;8780.17243723607;0.014173515352159462;111.68545115636148;8678.161817314769;0.025053265748512712;3131.658218564088
67;0.0;0.06608806662938171;8261.008328672715;0.014858938724993113;109.69871968259244;8531.395768243317;0.02392394283223398;2990.4928540292485
68;0.0;0.07375497413610553;9219.371767013194;0.01401041064344296;116.15730540951782;9037.69947649843;0.024355224940073958;3044.4031175092427
69;0.0;0.0711224494527122;8890.306181589023;0.01547251937662384;118.51265755184127;9250.49488122122;0.025247042372079937;3155.880296509993
70;0.0;0.07534372168727527;9417.965210909413;0.014547659914484526;113.83448115575527;8890.413640202576;0.028584721573428007;3573.090196678499
71;0.0;0.07236993377292533;9046.241721615668;0.015821532351943664;119.31986045918761;9326.686072534018;0.024844057774977092;3105.507221872137
72;0.0;0.07743239317561094;9679.04914695137;0.015303168922808115;121.6356592451408;9473.837007696513;0.024938850100195073;3117.3562625243853
73;0.0;0.07432058140099819;9290.072675124775;0.01631048434601499;121.86860916577331;9542.843816179748;0.0259464032737025;3243.3004092128126
74;0.0;0.07055770223065941;8819.712778832427;0.015847738855294148;113.15418286568114;8851.033342356135;0.024603317551907505;3075.4146939884376
75;0.0;0.06993800889812064;8742.25111226508;0.0151623466838712;113.09830900592635;8817.08310585763;0.02643632149600244;3304.540187000304
76;0.0;0.06983741789755976;8729.677237194968;0.014919805386049775;118.80770134970206;9266.224626518613;0.02397505316782425;2996.8816459780323
77;0.0;0.06821273787997076;8526.592234996346;0.01477009396586224;111.2381315017472;8660.646192259559;0.025860700164256956;3232.587520532121
78;0.0;0.06447203434127388;8059.004292659236;0.01452648259180109;105.01053470961855;8186.876690802177;0.026359303189576168;3294.91289869702
79;0.0;0.06903379376044748;8629.22422005594;0.013748430973736602;109.65541664687618;8544.427938317462;0.02509811175252832;3137.2639690660394
80;0.0;0.07111824478459516;8889.780598074398;0.014858634425262638;110.16789732040817;8667.096546133544;0.026246563995586166;3280.820499448271
81;0.0;0.07339756539631;9174.695674538745;0.015183417692390603;115.74204897097684;9026.45904839766;0.01946387647079584;2432.98455884948
82;0.0;0.07633112202142454;9541.390252678066;0.015691671980445545;119.22535762160666;9328.111896300345;0.02299675318147325;2874.594147684156
83;0.0;0.0769273052552239;9615.913156902989;0.015824925901741213;120.09224954175852;9381.861985656153;0.03138393221873893;3922.991527342368
84;0.0;0.07363815725233759;9204.769656542201;0.016322959270092544;120.66020843675018;9456.935725931524;0.02396159159989168;2995.1989499864617
85;0.0;0.07680351231047704;9600.43903880963;0.015834209800994176;117.19683058854451;9135.657386395356;0.025492560140841097;3186.5700176051364
86;0.0;0.07480376561644476;9350.47070205559;0.016326608872500138;124.97019004546641;9739.200883496555;0.02576265173879428;3220.331467349285
87;0.0;0.0738052070687265;9225.650883590815;0.015940839124321534;123.4837232188923;9710.371994954672;0.027323902910089543;3415.4878637611932
88;0.0;0.07855243514579545;9819.05439322443;0.015772290417057383;123.28900153703896;9626.121844522851;0.02291313462888916;2864.1418286111457
89;0.0;0.0753913530338964;9423.919129237049;0.016610208686226674;119.56751230999166;9340.783388319207;0.02750938696971635;3438.673371214544
90;0.0;0.07287625955411267;9109.532444264085;0.01598500546930153;116.51769436441829;9084.82260856534;0.02552213877169388;3190.2673464617355
91;0.0;0.07987774866507942;9984.71858313493;0.015284075231596448;123.2847675100213;9626.775878200344;0.02483042570512233;3103.803213140292
92;0.0;0.07415906876977352;9269.88359622169;0.016646150007061697;120.83414914667128;9427.7951240945;0.026318766854881326;3289.845856860166
93;0.0;0.07291746678698047;9114.683348372559;0.016015904717058608;116.10819910755656;9058.48026708123;0.026091741688005408;3261.4677110006774
94;0.0;0.08041434679633729;10051.793349542162;0.01528482927122184;121.0394394402089;9459.521121304186;0.03011013285858434;3763.766607323041
95;0.0;0.08378919309501433;10473.649136876793;0.016893459863328766;134.690295121809;10500.414045069841;0.02587491485113719;3234.3643563921496
96;0.0;0.08517909840815177;10647.38730101897;0.017472773746245902;137.95934872273065;10823.00900334098;0.023205905881529387;2900.7382351911724
97;0.0;0.07719849760196114;9649.812200245146;0.017619505905399273;128.16600602343823;9945.215644977236;0.02560744831283273;3200.9310391040917
98;0.0;0.0728809500067171;9110.118750839638;0.01624004054679666;123.76803262555322;9652.254366726977;0.02235110773580584;2793.8884669757304
99;0.0;0.07182334223173967;8977.91777896746;0.015491782934510796;116.94108730467661;9074.407570144733;0.02354227828648706;2942.784785810882
100;0.0;0.07379398123493815;9224.247654367266;0.015123693289256428;121.62382825745946;9551.244477553697;0.025922916854520823;3240.364606815103
101;0.0;0.4412620098250761;55157.751228134504;0.016885322661247162;389.67075776680866;30366.00288553766;0.20295712737025853;25369.640921282316
102;0.0;0.1428851681969359;17860.646024616988;0.07375806007495611;119.08992284077702;9261.20037516136;0.06915468863352649;8644.336079190813
