1;1.0;0.7615652959100533;95195.66198875669;0.0;0.0;0.0;0.7614204003593084;95177.55004491354
2;1.0;1.7419759718990935;217746.9964873867;0.07175560744230405;215.899805759191;16837.26294495063;1.5460828859471947;193260.3607433993
3;1.0;2.0096455635487764;251205.69544359704;0.42387371032897725;1369.02090610084;106775.07434217546;1.1388865391301823;142360.81739127284
4;1.0;2.1075813457679424;263447.6682209926;0.5019224062009122;1694.6084964524473;132135.43466584932;1.0452960118502443;130662.00148128057
5;1.0;2.150098587811901;268762.32347648765;0.5251541238947879;1811.8552348235246;141341.26417919173;1.0153377791246063;126917.22239057579
6;1.0;2.163150661995529;270393.8327494411;0.5344128583126677;1849.7722982939574;144295.04257578854;1.0043715920482605;125546.44900603258
7;1.0;2.1757277907278687;271965.97384098347;0.5371773470268251;1876.0230576679928;146324.40096334173;0.999842297718001;124980.28721475013
8;1.0;2.1781007768052736;272262.59710065916;0.5398403931721016;1886.7315405667048;147125.84046681225;0.9957561738240227;124469.52172800289
9;1.0;2.1773255090392514;272165.68862990657;0.5403918833884516;1881.9829016011051;146796.48625063736;0.9978087356668479;124726.09195835605
10;1.0;2.1925800610698176;274072.5076337272;0.540162019117449;1899.873812182667;148160.04497519365;1.002311413497607;125288.9266872009
11;1.0;2.1904495317052977;273806.1914631622;0.5434114549062421;1911.1148395973294;149109.53807775408;0.9921990416497125;124024.88020621406
12;1.0;2.1832655151352127;272908.18939190154;0.543009745333429;1897.26521793107;147980.56015969263;0.9948852997190342;124360.66246487922
13;1.0;2.1783731901790446;272296.6487723808;0.541484916742796;1891.5780785380696;147549.30499179737;0.9930578222150603;124132.22777688253
14;1.0;2.186564724978774;273320.5906223469;0.5404874658477014;1898.7758323222502;148051.34920560126;0.9967656749623015;124595.70937028773
15;1.0;2.182719137934188;272839.8922417736;0.5422474958561386;1891.965686278896;147579.6770371511;0.9965334307252544;124566.67884065682
16;1.0;2.18378197985186;272972.7474814826;0.5414610112429059;1898.2793688783488;148044.60737531175;0.9945667905782334;124320.84882227913
17;1.0;2.1867716814964875;273346.4601870608;0.5416745506645592;1900.4376151745416;148256.99065270933;0.9964572133226856;124557.15166533568
18;1.0;2.180122110451925;272515.2638064905;0.5422374552402505;1895.1896469941453;147817.1751794654;0.992334329234582;124041.7911543228
19;1.0;2.1820663833093286;272758.297913666;0.5408386189582658;1892.7387078601112;147652.33559389313;0.996163998260301;124520.49978253765
20;1.0;2.1799565197294797;272494.56496618484;0.5413331311405689;1883.5803616420087;146916.45878266013;1.0006569487472088;125082.11859340106
21;1.0;2.1832508437654092;272906.35547067603;0.5407571261603985;1897.2240864575135;147963.2570901445;0.9947369212237628;124342.1151529704
22;1.0;2.18911963559066;273639.9544488325;0.5414296454730776;1901.8755917663213;148326.75620972904;0.9982432730844849;124780.40913556059
23;1.0;2.1871346428736507;273391.8303592063;0.5426393501845196;1905.1519591380331;148578.00356188347;0.993056113395742;124132.01417446774
24;1.0;2.184846722383074;273105.84029788425;0.5423086946804222;1899.2218921823955;148183.2559322532;0.9945728227625844;124321.60284532305
25;1.0;2.1828848680373887;272860.60850467364;0.541834765589536;1895.6686470905415;147902.39811198536;0.9963453965025533;124543.17456281923
26;1.0;2.1787745372533363;272346.81715666706;0.5413637723073946;1893.2531091658939;147714.49602367598;0.9911423325917205;123892.79157396509
27;1.0;2.182168247255701;272771.0309069627;0.5405692145254742;1884.5046542057123;147020.06199617524;0.9999024823050648;124987.81028813314
28;1.0;2.1798408608169333;272480.1076021166;0.5413489612941444;1887.5013280525982;147242.25531280495;0.9981148931336684;124764.3616417086
29;1.0;2.1818819161320864;272735.23951651074;0.5407387218698233;1887.8860251176225;147302.84101226638;0.9991493004768428;124893.6625596053
30;1.0;2.180059850405372;272507.48130067147;0.5412328525159462;1898.0682344772388;148082.63778515265;0.9908088793125186;123851.1099140649
31;1.0;2.1763785922552334;272047.32403190417;0.5408226423971819;1886.4693383139281;147152.96093236757;0.9946270858305184;124328.38572881478
32;1.0;2.1798643281210683;272483.0410151336;0.5400194823094887;1888.5323854841793;147372.25142110002;0.9961131889603773;124514.14862004714
33;1.0;2.1819548404975766;272744.3550621971;0.5407305246745098;1892.4969793631337;147620.1631408602;0.9962122720562603;124526.53400703255
34;1.0;2.1795225038028256;272440.3129753532;0.5411944714817056;1887.2800120596528;147191.0068852464;0.9968453204812958;124605.66506016206
35;1.0;2.179226636706959;272403.3295883699;0.5407052737472092;1887.656654136264;147270.57981311425;0.9969240283303574;124615.50354129466
36;1.0;2.190716770125279;273839.5962656599;0.5405597280600175;1905.2757975864329;148557.19312692448;0.9973166974615113;124664.58718268892
37;1.0;2.189840485136265;273730.0606420331;0.5429888758545907;1913.736668846879;149273.37500579786;0.9912057116169922;123900.71395212409
38;1.0;2.1810852779118703;272635.65973898384;0.542781651033962;1897.1096247264873;147978.10364608787;0.9932128053433417;124151.60066791777
39;1.0;2.1728103091924122;271601.28864905157;0.5408950726182364;1879.103201659589;146589.8212420972;0.9949426316645922;124367.82895807402
40;1.0;2.1820539960560317;272756.7495070039;0.5392558903948282;1891.2799478509876;147475.28662184978;0.9968045886723713;124600.5735840463
41;1.0;2.178975492718935;272371.9365898671;0.541226833083245;1885.8839380821448;147119.08338458673;0.9977296782417489;124716.20978021865
42;1.0;2.178637509051078;272329.68863138463;0.5405566704512739;1886.4756146975415;147172.83656457724;0.9958330730566018;124479.1341320753
43;1.0;2.178795157151113;272349.39464388916;0.5404884909582143;1889.6449085598774;147397.44245646638;0.9942828384290434;124285.35480363047
44;1.0;2.1856683681330122;273208.54601662647;0.5405764079598664;1895.7498809446834;147867.26909288627;0.9978885783041563;124736.0722880195
45;1.0;2.1781755013569337;272271.93766961683;0.5419693979216441;1896.6373548247548;147900.76061337342;0.9905841283633813;123823.01604542261
46;1.0;2.182334834803476;272791.8543504345;0.5404745849222661;1894.7516701726472;147796.97743499043;0.9951693436339714;124396.16795424648
47;1.0;2.1803119232704864;272538.9904088106;0.541344844682598;1894.2385228295655;147757.27960423692;0.9937115662828262;124213.94578535322
48;1.0;2.179783956393495;272472.9945491867;0.5409478011662149;1891.3157200318537;147550.0703107534;0.9943617382554985;124295.21728193735
49;1.0;2.181884170425406;272735.5213031757;0.5407787172308489;1897.9115826856842;148048.17073253597;0.9925153525922709;124064.41907403388
50;1.0;2.1742089930146977;271776.1241268373;0.5410890945075422;1890.4978726142833;147454.30848642427;0.9886421789620278;123580.27237025346
51;1.0;2.174076683743087;271759.5854678859;0.5395560117777867;1888.9606150492095;147310.11216969427;0.9912314185061369;123903.92731326711
52;1.0;2.1737349702529114;271716.871281614;0.5395229842929652;1879.1694966021096;146618.743136871;0.9969466012944764;124618.32516180954
53;1.0;2.1734582955647808;271682.2869455976;0.5394688520678537;1879.9944218520316;146686.26232997118;0.9947821708740735;124347.77135925925
54;1.0;2.1828843563856535;272860.54454820656;0.5394821119302268;1889.9333731867046;147389.05401425442;0.9985621808134906;124820.27260168642
55;1.0;2.1768840095167765;272110.50118959707;0.541479058553712;1889.8323911171194;147420.96945821363;0.993701382872433;124212.67285905418
56;1.0;2.172419863027232;271552.48287840385;0.5401307287754499;1880.9840833652206;146712.4223524615;0.9938710938777527;124233.8867347191
57;1.0;2.175701618717045;271962.7023396305;0.5391928397184516;1879.515092124975;146559.43698049503;0.998073888156062;124759.23601950778
58;1.0;2.181544928093223;272693.11601165286;0.5398258355469712;1893.8118864816029;147715.83450715683;0.9944644287710319;124308.053596379
59;1.0;2.1710895546574487;271386.19433218124;0.5410547851124895;1881.4397457067148;146745.80836713847;0.9919142502594539;123989.2812824318
60;1.0;2.174368218104238;271796.0272630297;0.5388567437310415;1878.5518837922464;146511.24210401974;0.9974947469059955;124686.84336324943
61;1.0;2.175933999907331;271991.7499884164;0.5395026685963724;1885.8766654531587;147089.1767030084;0.9944022452577285;124300.2806572161
62;1.0;2.1804162356555747;272552.02945694677;0.5399473884228723;1886.2415270827512;147147.58693510358;0.9982470729355392;124780.8841169424
63;1.0;2.1855310723312185;273191.38404140226;0.5408579831309006;1896.4274442687204;147920.4548644886;0.9968627192647238;124607.83990809051
64;1.0;2.1744642153899356;271808.02692374197;0.5419429163943065;1889.163878077905;147365.61657065814;0.9914361378781056;123929.51723476319
65;1.0;2.174407257686667;271800.90721083333;0.5396876786502526;1883.1179188444585;146864.35695903198;0.9956500566560165;124456.25708200209
66;1.0;2.1686101296184135;271076.2662023017;0.539652880990977;1877.3096515733532;146445.43028380632;0.9923006799132913;124037.58498916143
67;1.0;2.1675782589406416;270947.28236758016;0.538394018009901;1869.4690509422119;145884.6864294243;0.9953789072048816;124422.36340061027
68;1.0;2.1724563450693233;271557.0431336654;0.5382258495138849;1874.2531681397345;146174.1609026063;0.9985710959117458;124821.38698896818
69;1.0;2.1771220799072686;272140.25998840854;0.5391807862021817;1890.271519119839;147462.05300328063;0.9919132596950727;123989.15746188405
70;1.0;2.1774381505492943;272179.76881866175;0.5402778086567611;1881.218441693472;146707.1689265203;0.9990047545716082;124875.59432145102
71;1.0;2.179625172980507;272453.14662256336;0.540194399659019;1888.0833073499994;147293.34952978333;0.9959671246761045;124495.89058451306
72;1.0;2.17506301093758;271882.8763671975;0.5406683788911295;1884.0794107879524;146964.66794649148;0.9947867853803609;124348.34817254523
73;1.0;2.1722489260454045;271531.11575567554;0.5396564250681809;1876.0037526035085;146353.20261202878;0.9959357849583548;124491.97311979429
74;1.0;2.16875205036279;271094.0062953488;0.5390699631843625;1873.2917801583264;146092.5474648982;0.9951361497598257;124392.01871997827
75;1.0;2.1740722302559687;271759.02878199605;0.5383655900499612;1886.2827314348385;147134.23171125192;0.9917020809867833;123962.76012334794
76;1.0;2.1738488260920783;271731.1032615098;0.5395150381443341;1878.2236905354584;146435.34997320236;0.9968208895791064;124602.61119738831
77;1.0;2.1739430233755255;271742.87792194076;0.5394989215826909;1880.1073262256577;146694.36334631714;0.9951121827678054;124389.0228459757
78;1.0;2.1721077212691093;271513.46515863884;0.539518319412007;1876.6779351969149;146376.73216860276;0.9957255765748432;124465.69707185538
79;1.0;2.1701221764229515;271265.272052869;0.5391803275291475;1874.1475383372124;146191.9221240898;0.9958070100965039;124475.87626206306
80;1.0;2.1687681040222193;271096.0130027774;0.5386701276526485;1872.5270921252;146063.0490769578;0.9954758334568651;124434.47918210815
81;1.0;2.168684957182322;271085.6196477904;0.5383833301322916;1869.2245584016887;145811.07402651408;0.9985964402117238;124824.5550264655
82;1.0;2.176416620083801;272052.0775104751;0.5383270222918326;1880.9218299061652;146762.18006832513;0.9981511163764311;124768.8895470539
83;1.0;2.172172888169976;271521.61102124705;0.5400139345232587;1882.9219190898154;146842.0450508114;0.9916533892851269;123956.6736606409
84;1.0;2.1649357211785416;270616.9651473177;0.5390325699830617;1875.1405991463969;146234.10059771742;0.9899779280464216;123747.24100580266
85;1.0;2.166459391587147;270807.4239483933;0.5375135848790052;1866.2594212046454;145585.69115226652;0.9975012982123951;124687.6622765494
86;1.0;2.175249661939177;271906.20774239715;0.53782860466099;1879.9658427510885;146623.08662683467;0.9965983602591962;124574.79503239953
87;1.0;2.16830849941453;271038.5624268162;0.5396923455316329;1870.3071902490972;145868.62708898887;0.9952545150296234;124406.81437870281
88;1.0;2.1736335627114234;271704.19533892797;0.5382434310782569;1873.9453556987403;146159.16011847352;1.0001557456127372;125019.46820159222
89;1.0;2.168016574805356;271002.0718506695;0.5393257990974998;1872.2647675872417;146041.65645588946;0.9944376801539356;124304.71001924195
90;1.0;2.1730132931273927;271626.6616409242;0.5381868589280169;1877.032531904574;146479.8447687212;0.9962103808007481;124526.2976000935
91;1.0;2.1757146812616446;271964.3351577056;0.539310391254607;1884.5261855680358;146989.18192787273;0.995495556561796;124436.9445702245
92;1.0;2.167606822521125;270950.85281514056;0.539796034598616;1879.5365067672524;146577.74215567746;0.9895742416964433;123696.7802120554
93;1.0;2.1701735365097514;271271.692063719;0.5380521726754567;1873.052792974919;146105.00786765208;0.9963100986291508;124538.76232864386
94;1.0;2.176939508027918;272117.4385034898;0.5387165334628407;1882.486269869719;146838.59386022438;0.9972571339597173;124657.14174496468
95;1.0;2.1772192381533775;272152.40476917214;0.5400115718667879;1887.9807021561255;147255.5288471663;0.9940605966891771;124257.57458614714
96;1.0;2.1786417767120025;272330.2220890003;0.5400458863457359;1885.869967650345;147145.13023534516;0.9966598824472198;124582.48530590253
97;1.0;2.1753186944700156;271914.836808752;0.540352936842542;1890.8094628194062;147528.16773358444;0.9896191001306852;123702.3875163356
98;1.0;2.1747966137986827;271849.5767248354;0.5397182320528279;1885.5314656053915;147060.15814412152;0.9930855028837821;124135.68786047275
99;1.0;2.18070030492258;272587.5381153224;0.5396357105448356;1892.1895468882833;147575.94611625164;0.9953167534558486;124414.59418198107
100;1.0;2.180584619677952;272573.07745974406;0.5409143061153058;1894.541729661538;147750.65608239948;0.9929825482965142;124122.81853706423
101;1.0;1.8474953399518361;230936.91749397953;0.5415792930849261;1613.7061641307666;125866.24302627136;0.8397634234435924;104970.42793044905
102;1.0;0.07515050703340054;9393.81337917507;0.4898396702253086;64.74170845654103;4972.138059801706;0.03537768102782881;4422.2101284786
