1;1.0;0.94621016;118276.27;0.0;0.0;0.0;0.9459176800000002;118239.71
2;1.0;2.247138799999999;280892.35;0.1496395392;481.43;46949.01;1.8715505599999995;233943.82
3;1.0;2.725316160000001;340664.52;0.5511537499999999;1932.13;188414.11;1.2179974400000004;152249.68
4;1.0;2.88477936;360597.42;0.63252407;2339.48;228103.87;1.05995456;132494.32
5;1.0;2.961776079999999;370222.01;0.65304233;2483.8;242189.07;1.02425208;128031.51
6;1.0;3.007902799999999;375987.85;0.6618873300000003;2559.12;249503.01;1.0118801599999998;126485.02
7;1.0;3.0310876800000006;378885.96;0.66693359;2588.61;252378.51;1.01205272;126506.59
8;1.0;3.0423263199999995;380290.79;0.6695133;2614.72;254885.73;1.0032484800000006;125406.06
9;1.0;3.0415389599999987;380192.37;0.6706398999999996;2613.37;254753.82;1.00349544;125436.93
10;1.0;3.051501839999999;381437.73;0.6706071600000003;2622.77;255737.9;1.00562712;125703.39
11;1.0;3.0566686400000003;382083.58;0.67163679;2631.65;256518.63;1.0045022399999997;125562.78
12;1.0;3.0647666400000007;383095.83;0.6722073999999999;2646.97;258028.24;1.00052648;125065.81
13;1.0;3.0637331999999993;382966.65;0.6730596800000002;2644.3;257749.42;1.0017647200000004;125220.59
14;1.0;3.04565112;380706.39;0.6728877199999999;2630.67;256543.46;0.99329464;124161.83
15;1.0;3.051124000000001;381390.5;0.6710216099999998;2629.74;256325.51;1.0005239199999998;125065.49
16;1.0;3.057308479999999;382163.56;0.6716198;2634.79;256872.39;1.0023233599999997;125290.42
17;1.0;3.0619822400000003;382747.78;0.6723022000000003;2643.85;257759.43;0.99990712;124988.39
18;1.0;3.0572884800000004;382161.06;0.6727799499999999;2639.91;257328.37;0.9986571999999999;124832.15
19;1.0;3.0610652;382633.15;0.6722583999999999;2648.81;258218.31;0.9953167200000003;124414.59
20;1.0;3.0521355199999984;381516.94;0.6727438400000003;2635.26;256905.36;0.9968734400000001;124609.18
21;1.0;3.0652375999999992;383154.7;0.67173442;2643.17;257658.16;1.0040113600000002;125501.42
22;1.0;3.0678786399999995;383484.83;0.6730988199999999;2652.11;258598.52;0.99907;124883.75
23;1.0;3.0605185599999998;382564.82;0.67344724;2645.33;257948.59;0.9969402399999997;124617.53
24;1.0;3.0606161599999995;382577.02;0.6726590399999999;2643.81;257674.84;0.9992100000000004;124901.25
25;1.0;3.0568355999999994;382104.45;0.6727219200000001;2644.96;257858.29;0.9939724799999996;124246.56
26;1.0;3.04632448;380790.56;0.6722938700000001;2628.1;256328.97;0.9957014399999998;124462.68
27;1.0;3.0522123999999984;381526.55;0.6711075199999997;2624.34;255859.21;1.0053215999999998;125665.2
28;1.0;3.0531592799999987;381644.91;0.6717576900000003;2626.42;256150.85;1.0039474400000004;125493.43
29;1.0;3.05977984;382472.48;0.6718419900000002;2636.8;257125.47;1.0027939200000002;125349.24
30;1.0;3.0531763999999986;381647.05;0.67253173;2635.14;256931.07;0.9977248799999998;124715.61
31;1.0;3.04260528;380325.66;0.6718665699999998;2625.24;255944.78;0.9950470399999999;124380.88
32;1.0;3.0473862400000002;380923.28;0.6707016399999999;2625.17;256011.19;0.9992925599999996;124911.57
33;1.0;3.052463679999999;381557.96;0.67119705;2629.97;256391.29;1.0013196;125164.95
34;1.0;3.0437451999999996;380468.15;0.6717241200000003;2621.31;255515.95;0.9996339999999999;124954.25
35;1.0;3.0493902399999993;381173.78;0.6707705499999997;2625.25;255894.48;1.0022271200000001;125278.39
36;1.0;3.055253200000001;381906.65;0.6713439999999998;2633.43;256718.31;1.0015070399999997;125188.38
37;1.0;3.056396159999999;382049.52;0.67205174;2640.02;257448.99;0.99680808;124601.01
38;1.0;3.052711840000001;381588.98;0.67219482;2634.26;256903.03;0.9974845599999999;124685.57
39;1.0;3.05242544;381553.18;0.67176531;2628.3;256258.67;1.00234648;125293.31
40;1.0;3.0521635199999992;381520.44;0.6717814099999998;2627.3;256109.69;1.00329376;125411.72
41;1.0;3.0431802399999994;380397.53;0.6716828100000001;2624.83;255996.22;0.9952056000000005;124400.7
42;1.0;3.057498799999999;382187.35;0.6707099199999998;2633.09;256749.74;1.00351424;125439.28
43;1.0;3.0541472000000005;381768.4;0.6723106899999999;2626.64;256146.12;1.00498232;125622.79
44;1.0;3.04064416;380080.52;0.67204138;2618.39;255297.51;0.998257439999999;124782.18
45;1.0;3.0419685600000004;380246.07;0.67050102;2622.24;255628.94;0.9969330400000002;124616.63
46;1.0;3.0602826399999996;382535.33;0.67058914;2632.02;256561.25;1.0077862399999997;125973.28
47;1.0;3.043625679999999;380453.21;0.6725559100000001;2621.63;255613.58;0.9987332800000002;124841.66
48;1.0;3.0469408;380867.6;0.6708085399999999;2623.07;255680.99;1.00147592;125184.49
49;1.0;3.04878184;381097.73;0.6711776899999998;2624.46;255821.04;1.0022299200000004;125278.74
50;1.0;3.046925759999999;380865.72;0.6714055599999998;2625.65;255962.45;0.9992195199999996;124902.44
51;1.0;3.0494585599999997;381182.32;0.6712099600000001;2625.12;255961.86;1.00177896;125222.37
52;1.0;3.0495582399999996;381194.78;0.67147386;2628.42;256272.21;0.9993807199999994;124922.59
53;1.0;3.0509180799999998;381364.76;0.6714120899999999;2630.99;256529.1;0.9986691999999998;124833.65
54;1.0;3.048651920000001;381081.49;0.67161641;2627.05;256225.61;0.9988479999999997;124856.0
55;1.0;3.0531685600000005;381646.07;0.67135988;2627.08;256179.44;1.0037448;125468.1
56;1.0;3.0568526400000002;382106.58;0.67190172;2636.75;257055.28;1.0004012799999997;125050.16
57;1.0;3.05406304;381757.88;0.6721985499999998;2637.63;257108.47;0.9971867200000001;124648.34
58;1.0;3.0438969599999997;380487.12;0.6717998300000001;2623.09;255746.93;0.9979439200000004;124742.99
59;1.0;3.0575620800000003;382195.26;0.6708044100000004;2633.43;256723.76;1.0037668799999997;125470.86
60;1.0;3.0650916;383136.45;0.6723407600000003;2644.79;257837.22;1.0023874400000008;125298.43
61;1.0;3.0674278399999997;383428.48;0.6730747300000001;2648.92;258293.58;1.00107464;125134.33
62;1.0;3.057533040000001;382191.63;0.67334926;2641.56;257567.89;0.99700216;124625.27
63;1.0;3.05799008;382248.76;0.67234153;2634.72;256888.69;1.0028719999999998;125359.0
64;1.0;3.0531411200000007;381642.64;0.6724077900000003;2629.3;256382.77;1.00207728;125259.66
65;1.0;3.047228639999999;380903.58;0.6719224199999998;2626.73;256106.47;0.9983758400000003;124796.98
66;1.0;3.0454390400000015;380679.88;0.6712173800000001;2624.0;255775.03;0.9992416;124905.2
67;1.0;3.05372416;381715.52;0.6710002099999997;2624.74;256012.93;1.00561704;125702.13
68;1.0;3.0691879999999987;383648.5;0.6718631499999997;2645.03;257890.04;1.0060609600000001;125757.62
69;1.0;3.05977424;382471.78;0.6735365299999999;2640.62;257419.84;1.0004207199999997;125052.59
70;1.0;3.0584282400000005;382303.53;0.6725086;2639.26;257367.04;0.9995063999999998;124938.3
71;1.0;3.0543392;381792.4;0.6723942999999997;2635.31;256981.34;0.9984792800000002;124809.91
72;1.0;3.0517071999999996;381463.4;0.6719388099999999;2626.95;256088.33;1.0029961600000004;125374.52
73;1.0;3.055045999999999;381880.75;0.67170808;2637.39;257105.13;0.9982010400000001;124775.13
74;1.0;3.0604072799999993;382550.91;0.6720297199999998;2635.75;256991.11;1.0044955999999998;125561.95
75;1.0;3.054778879999998;381847.36;0.6725890400000002;2633.0;256729.31;1.0009319200000004;125116.49
76;1.0;3.051834879999999;381479.36;0.6720015800000002;2630.98;256383.03;1.0007583999999998;125094.8
77;1.0;3.0551944000000004;381899.3;0.6717541100000001;2633.46;256787.57;1.0009010399999996;125112.63
78;1.0;3.0571203999999996;382140.05;0.6721083099999996;2632.91;256721.24;1.0033556;125419.45
79;1.0;3.0515265599999997;381440.82;0.6722262899999998;2631.08;256509.86;0.9994472799999997;124930.91
80;1.0;3.056200639999999;382025.08;0.6717096699999996;2634.39;256959.12;1.0005266400000001;125065.83
81;1.0;3.0547544800000015;381844.31;0.6721761099999998;2630.01;256424.57;1.0033664800000002;125420.81
82;1.0;3.0539085599999987;381738.57;0.6719595999999999;2632.66;256600.01;1.0011112799999995;125138.91
83;1.0;3.0537882399999985;381723.53;0.67189079;2633.78;256879.1;0.9987387999999997;124842.35
84;1.0;3.0456618400000006;380707.73;0.6718612099999999;2624.94;255915.18;0.9983383199999999;124792.29
85;1.0;3.0642782399999993;383034.78;0.67102398;2636.1;257157.97;1.0070255999999997;125878.2
86;1.0;3.0538801599999994;381735.02;0.67300892;2634.75;256887.21;0.99877544;124846.93
87;1.0;3.0536287199999994;381703.59;0.6718794800000002;2631.84;256710.73;0.9999307199999998;124991.34
88;1.0;3.058831839999999;382353.98;0.67186531;2636.27;257079.82;1.00219488;125274.36
89;1.0;3.0449582399999993;380619.78;0.6723839199999999;2622.86;255686.69;0.9994781599999999;124934.77
90;1.0;3.0523424799999987;381542.81;0.6709294299999999;2627.8;256243.56;1.0023864800000002;125298.31
91;1.0;3.046825520000001;380853.19;0.67159123;2622.56;255746.61;1.00087704;125109.63
92;1.0;3.0399054400000005;379988.18;0.6709539199999998;2618.66;255315.2;0.9973648000000004;124670.6
93;1.0;3.03296912;379121.14;0.6700560600000003;2609.66;254501.02;0.9969655199999998;124620.69
94;1.0;3.0351018400000003;379387.73;0.6694875799999999;2607.04;254178.15;1.00166368;125207.96
95;1.0;3.04193;380241.25;0.6694880200000002;2619.43;255436.55;0.9984514400000002;124806.43
96;1.0;3.0421762400000008;380272.03;0.6699553400000002;2619.37;255381.16;0.99912632;124890.79
97;1.0;3.050403680000001;381300.46;0.6703066899999999;2626.43;256050.75;1.0019865600000006;125248.32
98;1.0;3.046120559999999;380765.07;0.6714941400000002;2631.28;256509.32;0.9940496800000004;124256.21
99;1.0;3.0505807199999997;381322.59;0.6710732299999997;2625.29;256024.12;1.002391519999999;125298.94
100;1.0;3.0485556000000007;381069.45;0.6715937699999999;2624.45;255907.38;1.0012995999999998;125162.45
101;1.0;2.335724776119403;291965.5970149254;0.672633;2010.955223880597;195900.64179104476;0.7687225074626867;96090.31343283581
102;1.0;0.17254545454545453;21568.18181818182;0.5817716363636364;150.77272727272728;14572.636363636364;0.056082545454545454;7010.318181818182
