1;1.0;0.8407225599999998;105090.32;0.0;0.0;0.0;0.8405675200000001;105070.94
2;1.0;1.8209003199999998;227612.54;0.09115588549999998;272.06;22009.04;1.64476296;205595.37
3;1.0;2.12896736;266120.92;0.44887197999999984;1474.95;119481.28;1.1732413600000005;146655.17
4;1.0;2.2440050400000007;280500.63;0.5299553200000001;1831.15;148648.72;1.05470672;131838.34
5;1.0;2.2848021599999995;285600.27;0.5540068699999999;1952.46;158619.24;1.0158908000000004;126986.35
6;1.0;2.3075351999999985;288441.9;0.5619173000000001;2001.8;162632.4;1.0064553600000001;125806.92
7;1.0;2.3250894400000006;290636.18;0.5662365300000001;2027.6;164625.19;1.0081272;126015.9
8;1.0;2.3344079200000003;291800.99;0.56943999;2050.71;166565.54;1.0018500800000003;125231.26
9;1.0;2.3286324800000013;291079.06;0.5710507;2046.66;166115.77;0.9996824800000003;124960.31
10;1.0;2.3230536800000006;290381.71;0.5698982300000002;2043.78;165606.81;0.9982121599999995;124776.52
11;1.0;2.33034824;291293.53;0.5690558900000001;2041.09;165606.12;1.00551336;125689.17
12;1.0;2.32884328;291105.41;0.5703815399999997;2050.24;166531.09;0.9966191199999999;124577.39
13;1.0;2.3153926399999993;289424.08;0.57010411;2032.83;164768.25;0.9972462400000002;124655.78
14;1.0;2.3209285599999996;290116.07;0.5676362200000002;2030.94;164598.73;1.0040845600000001;125510.57
15;1.0;2.3209704;290121.3;0.5686800299999999;2032.15;164758.03;1.00288;125360.0
16;1.0;2.3233564799999997;290419.56;0.5686863999999998;2035.27;165326.54;1.0007724799999995;125096.56
17;1.0;2.32198592;290248.24;0.5691103600000003;2031.69;164975.02;1.00219504;125274.38
18;1.0;2.3210301600000003;290128.77;0.5688140700000001;2033.44;165360.02;0.9981436000000001;124767.95
19;1.0;2.3293822399999993;291172.78;0.5687215100000003;2044.05;165533.3;1.0051284800000002;125641.06
20;1.0;2.3251631199999996;290645.39;0.5701793300000001;2039.23;165496.44;1.0012428800000002;125155.36
21;1.0;2.3334533599999996;291681.67;0.5693762800000003;2048.46;166260.15;1.0033602400000001;125420.03
22;1.0;2.32023288;290029.11;0.5709375;2047.81;165922.73;0.9927959199999998;124099.49
23;1.0;2.31340592;289175.74;0.5684567999999999;2029.24;164691.57;0.9958247200000002;124478.09
24;1.0;2.3110043200000008;288875.54;0.5669744099999998;2021.36;163587.33;1.00238216;125297.77
25;1.0;2.3205054400000007;290063.18;0.5663434199999999;2021.46;164251.01;1.0065133600000002;125814.17
26;1.0;2.3158735200000002;289484.19;0.56806202;2028.16;164830.45;0.9972074399999998;124650.93
27;1.0;2.3119135999999996;288989.2;0.5674323799999998;2018.06;163681.37;1.00241224;125301.53
28;1.0;2.31501376;289376.72;0.5669365799999999;2022.06;164127.02;1.0020404799999998;125255.06
29;1.0;2.3255765600000005;290697.07;0.5674527000000001;2026.2;164743.48;1.0076312000000003;125953.9
30;1.0;2.3319767199999997;291497.09;0.5695400399999999;2041.09;166131.22;1.0029691199999997;125371.14
31;1.0;2.3256926399999998;290711.58;0.5706256800000002;2047.93;166016.1;0.9975962400000004;124699.53
32;1.0;2.3191683999999997;289896.05;0.56938539;2041.72;165485.93;0.9952089599999999;124401.12
33;1.0;2.3173748000000005;289671.85;0.56835223;2026.96;164494.94;1.0014180000000004;125177.25
34;1.0;2.3143472;289293.4;0.5679711799999997;2024.78;164480.77;0.9984831999999997;124810.4
35;1.0;2.3118531199999994;288981.64;0.5674643800000001;2020.94;163935.45;1.0003419199999999;125042.74
36;1.0;2.3116144;288951.8;0.5669847400000001;2016.08;163800.07;1.0012112799999997;125151.41
37;1.0;2.31904816;289881.02;0.5668810199999998;2028.86;164498.26;1.00314048;125392.56
38;1.0;2.3154096799999992;289426.21;0.5681432800000001;2027.1;164539.54;0.9990371199999999;124879.64
39;1.0;2.3214851199999997;290185.64;0.5675721899999999;2030.12;165166.95;1.00017944;125022.43
40;1.0;2.313128;289141.0;0.5687082899999999;2025.47;164511.13;0.9971004800000002;124637.56
41;1.0;2.3169268799999987;289615.86;0.5672484499999999;2029.68;164784.33;0.99860544;124825.68
42;1.0;2.3061140800000004;288264.26;0.56789237;2023.07;163687.69;0.9965963999999998;124574.55
43;1.0;2.30673592;288341.99;0.56602593;2011.24;163307.35;1.0003163199999998;125039.54
44;1.0;2.3169136000000004;289614.2;0.5660562699999998;2019.13;163894.53;1.0057684000000002;125721.05
45;1.0;2.3246583199999993;290582.29;0.56789432;2030.32;165053.47;1.00423488;125529.36
46;1.0;2.3156274399999996;289453.43;0.5693181399999999;2032.54;164916.7;0.9962863200000003;124535.79
47;1.0;2.321190719999999;290148.84;0.56763541;2029.45;164821.18;1.0025494400000001;125318.68
48;1.0;2.3233828;290422.85;0.5686568900000001;2025.3;164652.49;1.0061668799999999;125770.86
49;1.0;2.3237672000000003;290470.9;0.5690481900000004;2033.5;164948.52;1.0041772;125522.15
50;1.0;2.3119372800000004;288992.16;0.5691711500000001;2026.49;164087.57;0.9992923199999999;124911.54
51;1.0;2.3147851999999998;289348.15;0.56699174;2022.6;164204.9;1.0010999199999997;125137.49
52;1.0;2.3184822400000002;289810.28;0.56745201;2033.53;164926.18;0.9990654399999995;124883.18
53;1.0;2.3213308799999997;290166.36;0.5682584399999999;2038.2;165115.61;1.0004695199999996;125058.69
54;1.0;2.314776720000001;289347.09;0.56877092;2028.83;164678.45;0.9972836000000003;124660.45
55;1.0;2.3161372799999995;289517.16;0.5674954199999999;2028.66;164885.14;0.9970703199999997;124633.79
56;1.0;2.315168079999999;289396.01;0.5676236800000001;2031.73;164765.28;0.99699984;124624.98
57;1.0;2.3110932799999997;288886.66;0.56755055;2024.53;164114.7;0.99828752;124785.94
58;1.0;2.3111667199999992;288895.84;0.5667561600000001;2019.23;163861.44;1.0002689599999999;125033.62
59;1.0;2.3102270399999996;288778.38;0.56671175;2021.89;163792.32;0.9998805599999996;124985.07
60;1.0;2.3194098400000005;289926.23;0.56662474;2025.57;164581.76;1.0027385599999994;125342.32
61;1.0;2.32344848;290431.06;0.5683758800000003;2032.01;164884.71;1.0043086399999999;125538.58
62;1.0;2.3124239199999996;289052.99;0.5691032399999999;2032.49;165239.41;0.9905795999999992;123822.45
63;1.0;2.3078059200000003;288475.74;0.5671457799999999;2019.18;163617.07;0.9987508000000003;124843.85
64;1.0;2.31470712;289338.39;0.5662874299999999;2020.06;164377.19;0.9997846400000001;124973.08
65;1.0;2.32133576;290166.97;0.5675907200000001;2031.07;164967.39;1.00155408;125194.26
66;1.0;2.316984959999999;289623.12;0.5686160699999998;2027.35;164597.85;1.0002151200000002;125026.89
67;1.0;2.3157571999999997;289469.65;0.5677954199999999;2028.28;164811.55;0.9973311999999995;124666.4
68;1.0;2.32330632;290413.29;0.5676327600000001;2034.22;165441.35;0.9996691199999996;124958.64
69;1.0;2.3200912799999998;290011.41;0.56896693;2037.61;165389.08;0.9970552799999995;124631.91
70;1.0;2.31330088;289162.61;0.5684451400000001;2028.48;164605.94;0.99643888;124554.86
71;1.0;2.3077205599999995;288465.07;0.5671692299999999;2013.15;163542.6;0.9994114399999999;124926.43
72;1.0;2.3140064800000006;289250.81;0.5661296400000001;2015.66;163840.09;1.0032750400000001;125409.38
73;1.0;2.3099316;288741.45;0.5673415700000002;2022.89;164373.64;0.99493744;124367.18
74;1.0;2.3192882400000006;289911.03;0.56660684;2014.99;163655.36;1.0100539199999994;126256.74
75;1.0;2.3182543999999994;289781.8;0.5682767000000001;2026.87;164877.31;0.99920408;124900.51
76;1.0;2.30982056;288727.57;0.5681212399999999;2019.03;163828.72;0.9992002399999997;124900.03
77;1.0;2.3124931199999996;289061.64;0.5665123900000001;2018.63;163571.47;1.0039125599999996;125489.07
78;1.0;2.3137635199999997;289220.44;0.5670249999999999;2022.06;164128.36;1.0007876800000002;125098.46
79;1.0;2.3147741600000007;289346.77;0.5673482700000002;2027.36;164457.94;0.9990823999999999;124885.3
80;1.0;2.3221820799999993;290272.76;0.5674120699999999;2029.78;164862.08;1.0032428;125405.35
81;1.0;2.31441408;289301.76;0.56894163;2026.54;164489.17;0.9985663199999998;124820.79
82;1.0;2.316695839999999;289586.98;0.5675125000000001;2026.16;164460.47;1.0009515199999997;125118.94
83;1.0;2.3147912;289348.9;0.5679263599999999;2031.19;164653.31;0.9975963999999997;124699.55
84;1.0;2.313397440000001;289174.68;0.5675095900000001;2015.6;163894.99;1.0022546399999996;125281.83
85;1.0;2.3246976799999994;290587.21;0.56723365;2024.75;164838.58;1.0059837600000001;125747.97
86;1.0;2.31668872;289586.09;0.56925417;2028.23;164442.72;1.0011516800000002;125143.96
87;1.0;2.317271039999999;289658.88;0.5678213599999999;2028.85;164745.5;0.9992914399999994;124911.43
88;1.0;2.3173532800000003;289669.16;0.5679199699999998;2025.98;164424.18;1.0019392799999998;125242.41
89;1.0;2.31295144;289118.93;0.56792406;2027.61;164361.5;0.9980699200000003;124758.74
90;1.0;2.31148896;288936.12;0.56715683;2016.76;163717.53;1.00171856;125214.82
91;1.0;2.3231712;290396.4;0.5670105700000002;2028.59;164800.49;1.0048297599999998;125603.72
92;1.0;2.3232683200000004;290408.54;0.56892604;2036.99;165325.78;1.00061688;125077.11
93;1.0;2.31803744;289754.68;0.5689645100000001;2039.94;165141.57;0.99691704;124614.63
94;1.0;2.3100146400000003;288751.83;0.5680404799999998;2018.44;164116.29;0.9971232800000003;124640.41
95;1.0;2.3155215199999994;289440.19;0.5666402899999999;2012.44;163642.53;1.00635168;125793.96
96;1.0;2.3168511200000004;289606.39;0.5676918700000002;2028.95;164645.26;0.9996466399999997;124955.83
97;1.0;2.31109984;288887.48;0.56775295;2022.85;164548.17;0.9947543999999998;124344.3
98;1.0;2.3078097600000005;288476.22;0.5668869299999999;2023.39;164285.25;0.99350368;124187.96
99;1.0;2.3134767199999997;289184.59;0.56629809;2021.19;163975.77;1.00165768;125207.21
100;1.0;2.317298640000001;289662.33;0.5673042199999999;2031.25;165113.45;0.9964113599999996;124551.42
101;1.0;1.9599675000000003;244995.9375;0.5694873333333332;1728.2916666666667;139913.70833333334;0.8406923333333333;105086.54166666667
102;1.0;0.20319679999999998;25399.6;0.48468113333333335;178.4;14457.266666666666;0.0876752;10959.4
