1;1.0;0.9340825910784128;116760.32388480163;0.0;0.0;0.0;0.9339280796200518;116741.00995250646
2;1.0;1.8425836811398544;230322.9601424818;0.11650597533015261;349.6774047529444;28280.073777012632;1.677611079239227;209701.38490490336
3;1.0;2.140058691266905;267507.3364083631;0.45517209387842644;1502.7610031714069;121755.60056938064;1.1849018823192234;148112.73528990286
4;1.0;2.2563506018341917;282043.8252292739;0.5324151084625042;1849.9345805904738;150182.6388649301;1.060476084888317;132559.51061103962
5;1.0;2.2983854489308966;287298.18111636216;0.5565323200227139;1972.4932216514069;160293.47214022418;1.022126973416683;127765.8716770853
6;1.0;2.3212926464362944;290161.580804537;0.5645571135945687;2022.1145844988273;164353.38255785056;1.0121076128133086;126513.4516016636
7;1.0;2.340065778295885;292508.22228698555;0.5688203879606794;2049.376120425824;166465.81197349593;1.0143940911059401;126799.26138824254
8;1.0;2.3513046727310476;293913.08409138094;0.5722411812705275;2074.987466953832;168631.04211010004;1.008537320697596;126067.16508719946
9;1.0;2.34651310293317;293314.13786664605;0.5741098221275814;2072.4860360735133;168281.59982600238;1.0054990371818804;125687.379647735
10;1.0;2.3382366715812615;292279.58394765755;0.5732325252258627;2068.083455935846;167618.80285585535;1.0048485424069622;125606.06780087033
11;1.0;2.345922231824805;293240.2789781006;0.571860419169738;2063.787292448889;167438.6632335966;1.011672951270476;126459.11890880953
12;1.0;2.344395229236499;293049.40365456237;0.5732480692817034;2072.181867261434;168379.07934657874;1.0033532338879283;125419.15423599104
13;1.0;2.3303466235444525;291293.3279430566;0.5729739581160614;2054.554671387563;166591.73633894714;1.0033790518910126;125422.38148637656
14;1.0;2.335779115050922;291972.38938136527;0.5704453376037618;2054.8289801260416;166520.90388462393;1.0097554919649074;126219.43649561345
15;1.0;2.335811729947337;291976.4662434171;0.571433890172243;2053.410324726589;166583.48938543562;1.0089851260911862;126123.14076139826
16;1.0;2.338627948401446;292328.4935501807;0.5714496232724701;2056.8919157845366;167148.7342682953;1.0065840169551528;125823.00211939415
17;1.0;2.3378584947268752;292232.3118408594;0.5719071844196635;2054.6319435040364;166894.99609249263;1.0080105626395892;126001.32032994865
18;1.0;2.335549359381174;291943.6699226467;0.5717408495056079;2055.8762445650427;167298.11219741276;1.0033972173061472;125424.6521632684
19;1.0;2.345343065520587;293167.8831900734;0.5713993914420166;2067.1306852887865;167428.17496055888;1.0112444208102818;126405.55260128518
20;1.0;2.3412156837564058;292651.96046955074;0.5731124434252207;2062.2582877303894;167426.77964516013;1.0070478865966086;125880.98582457606
21;1.0;2.349309850794972;293663.7313493715;0.5724217072467462;2073.0499856521797;168295.58131290472;1.0094361471917181;126179.51839896476
22;1.0;2.3364859286247124;292060.74107808905;0.5738413017205577;2070.861928132423;167813.24091678896;0.9997623670798333;124970.2958849792
23;1.0;2.3317130157364088;291464.12696705107;0.5714882941218477;2053.323321964347;166729.32855923192;1.0022257799877892;125278.22249847361
24;1.0;2.330734657278662;291341.83215983264;0.5707017733498804;2050.1766732210085;165925.96493695636;1.0082081825529927;126026.0228191241
25;1.0;2.341090409891071;292636.3012363838;0.5706502580183146;2051.920297130107;166774.27754174147;1.012910292858934;126613.78660736671
26;1.0;2.3340863595084453;291760.7949385557;0.5724348045601085;2056.8577162783104;167215.47350707313;1.0041113848264789;125513.92310330986
27;1.0;2.327562387391306;290945.29842391325;0.5712006717637408;2041.665770337407;165655.80338613893;1.0093345279943697;126166.81599929622
28;1.0;2.3316412017669004;291455.15022086253;0.5698986142318543;2046.1857262245594;166185.7598248841;1.0086093286423978;126076.16608029975
29;1.0;2.3405416753320485;292567.70941650606;0.5705837827837913;2049.462863404147;166630.52922455603;1.0127854194138142;126598.17742672672
30;1.0;2.3483548856169794;293544.3607021224;0.5722838614598803;2064.6773291822196;168103.58505533088;1.0093014741837243;126162.6842729656
31;1.0;2.343176058392461;292897.00729905756;0.5736576287707158;2073.231668088915;168133.18483244602;1.0036849337373335;125460.61671716665
32;1.0;2.333941060541812;291742.6325677264;0.5726362856028309;2065.9329277276747;167427.38680737914;1.00173920170401;125217.40021300125
33;1.0;2.332859048557167;291607.3810696458;0.5711244841580965;2049.129426831887;166305.7431685371;1.0083719199998462;126046.48999998074
34;1.0;2.3288798867658045;291109.9858457255;0.5708846090056342;2047.3752142584574;166369.4679332534;1.0047062616524665;125588.28270655836
35;1.0;2.3266158458098753;290826.9807262345;0.5702099451726035;2042.9483619949874;165693.44061062954;1.0056829795226516;125710.37244033146
36;1.0;2.327236804371949;290904.60054649366;0.5697665700457046;2039.0909455880803;165660.8006322205;1.0062635859436107;125782.94824295137
37;1.0;2.3366147581525176;292076.84476906474;0.5698453290901092;2053.514805954345;166562.6037954981;1.00856186227086;126070.23278385753
38;1.0;2.3313732252978423;291421.6531622304;0.5714217067964055;2053.4643023529925;166698.57607815115;1.005534629513665;125691.82868920812
39;1.0;2.337555440196453;292194.43002455664;0.5705786648806316;2053.028187540912;167099.18213900595;1.0063739294417144;125796.7411802143
40;1.0;2.3274025777803726;290925.3222225466;0.5716706487381278;2047.6201759267415;166389.37384900718;1.0035245246745663;125440.56558432076
41;1.0;2.3324227054116324;291552.8381764542;0.5699694928042724;2050.7834917518785;166599.22495965404;1.0044977532636565;125562.21915795706
42;1.0;2.3188369065998264;289854.6133249782;0.570775371381758;2043.425338501769;165355.03930252828;1.0025460503804684;125318.25629755858
43;1.0;2.3209643738875165;290120.54673593957;0.5684250252544307;2032.0775032601894;165044.38309800014;1.005896359555215;125737.04494440189
44;1.0;2.3322886695015965;291536.0836876995;0.5687421471309412;2041.6814785016327;165709.35901530064;1.011226021751717;126403.25271896459
45;1.0;2.3403780211784504;292547.25264730636;0.5707759816071394;2054.2934342362873;167044.9395373468;1.011174254580936;126396.78182261698
46;1.0;2.3312609925138825;291407.6240642353;0.5722249809574071;2055.925739322382;166902.74988669725;1.001704629080156;125213.07863501944
47;1.0;2.3371876506212748;292148.4563276594;0.5705759553799261;2053.5074231662497;166791.79060922403;1.0085685958898267;126071.07448622836
48;1.0;2.339608591690239;292451.07396127994;0.5716131750793431;2049.037396463808;166670.82505491516;1.0125454418540911;126568.18023176138
49;1.0;2.3391139820571034;292389.2477571379;0.5720511001976086;2056.783851327476;166921.15946968694;1.0103494114478875;126293.67643098591
50;1.0;2.326847809560881;290855.97619511;0.5720434601746529;2050.580839829246;166081.30608871212;1.0051389609477652;125642.37011847063
51;1.0;2.330783150931582;291347.89386644773;0.5697981500596142;2044.7206645469796;166114.99188619776;1.0075842294541177;125948.02868176477
52;1.0;2.3327786916497644;291597.3364562206;0.5704712749057279;2055.8190947502494;166727.5464659744;1.0051163418881588;125639.54273601988
53;1.0;2.335967014246062;291995.8767807577;0.5709077382686042;2059.4766824782437;166913.55351808306;1.0079118793482575;125988.98491853227
54;1.0;2.330345935899829;291293.24198747857;0.5714653278874728;2051.0171143796933;166501.89688529825;1.003142422351851;125392.80279398135
55;1.0;2.333476736963966;291684.5921204958;0.5703414103669339;2053.3468706236818;166968.22188154157;1.0027748195786819;125346.85244733527
56;1.0;2.3310052761579985;291375.65951975;0.5708254891522115;2056.578082799959;166803.95127592937;1.0038729965050548;125484.12456313186
57;1.0;2.327219616800008;290902.4521000009;0.5704494190581298;2048.1099560132243;166082.01125439705;1.004293308408582;125536.66355107276
58;1.0;2.3280724620817996;291009.057760225;0.5697787636234425;2045.0172374812348;166013.67841738494;1.0067552516360438;125844.40645450546
59;1.0;2.3257476461383013;290718.4557672877;0.5699028944810915;2045.2846981815626;165767.333674474;1.0054268417966947;125678.35522458689
60;1.0;2.3344990789903783;291812.38487379724;0.569588541739151;2047.8088626418169;166404.38183385137;1.008938080629081;126117.26007863523
61;1.0;2.3389946618983486;292374.33273729356;0.5712151329563944;2053.497277080133;166709.65784470932;1.0109478927745377;126368.4865968172
62;1.0;2.326301935647264;290787.74195590796;0.5719891839175013;2053.186681136801;166921.67281970382;0.996787446430582;124598.43080382285
63;1.0;2.321497728208643;290187.21602608036;0.5697573256285706;2039.4340254754852;165295.6628608839;1.0047711528821646;125596.39411027051
64;1.0;2.328282821989008;291035.352748626;0.5688829569709719;2040.3829378413259;166065.093461922;1.0050873939841705;125635.92424802131
65;1.0;2.3383525704589547;292294.0713073693;0.5701422415885246;2054.9489343497903;166983.90140749785;1.007101122701676;125887.64033770948
66;1.0;2.3340548485968995;291756.85607461253;0.571752879309819;2053.0443422651756;166731.1393731287;1.0066604367040966;125832.55458801203
67;1.0;2.3318620866899558;291482.7608362445;0.5709775411510719;2052.8467385158388;166830.3457689407;1.0038393363271219;125479.91704089027
68;1.0;2.340451264791068;292556.40809888346;0.5706356303538386;2058.573385765959;167547.0951292057;1.0059312376424836;125741.4047053105
69;1.0;2.336127298840069;292015.91235500854;0.5721569453592695;2062.744352446928;167432.33397298114;1.0028276392191577;125353.45490239476
70;1.0;2.3294885868157915;291186.07335197396;0.5714353923515371;2052.358101388377;166586.45995982297;1.001973786980564;125246.72337257052
71;1.0;2.3236908454263148;290461.35567828943;0.5701814855300484;2036.3147519434162;165430.27405689028;1.0056596574804173;125707.45718505215
72;1.0;2.3295743135146414;291196.78918933007;0.5691447834065654;2039.5737385531916;165811.91804688808;1.0092362391500178;126154.52989375225
73;1.0;2.325041455765755;290630.18197071936;0.5702433278814059;2044.181625244833;166154.7600028549;1.000992829112321;125124.1036390401
74;1.0;2.335556210052239;291944.5262565298;0.5694291252467067;2039.3592010110794;165658.33469477473;1.0155442680195215;126943.03350244026
75;1.0;2.334022793199609;291752.84914995125;0.571331398830579;2051.2899900255834;166882.24640017966;1.00508308215928;125635.38526990998
76;1.0;2.326076436222584;290759.554527823;0.5710603651275945;2043.2855437256228;165773.35192302347;1.0046435110550362;125580.43888187959
77;1.0;2.328470044125117;291058.7555156396;0.5695383635908744;2042.3016342361402;165507.81483174933;1.0100793843965001;126259.92304956258
78;1.0;2.3284270252653485;291053.3781581685;0.5700393295663737;2044.5323692089285;165919.08512245957;1.0071262848383802;125890.78560479751
79;1.0;2.3314075805090826;291425.94756363524;0.5701120281910838;2051.137207785743;166444.98656930774;1.0050833949151774;125635.42436439716
80;1.0;2.3365140502716093;292064.2562839512;0.5705195703855547;2053.4870500203124;166785.8021879168;1.0095773167170847;126197.1645896356
81;1.0;2.328454866956361;291056.85836954514;0.5716146573336408;2047.5147734913728;166260.32660658337;1.004785781056979;125598.22263212237
82;1.0;2.330807250761138;291350.90634514234;0.5701288600301603;2047.4300319790639;166215.9750719465;1.006615781920215;125826.97274002692
83;1.0;2.3298868709111082;291235.85886388854;0.5706054503989624;2053.631164545148;166577.47590442598;1.004095967863069;125511.99598288366
84;1.0;2.3288613465445236;291107.6683180653;0.5703762181692199;2038.4882015929604;165844.54610491203;1.0079674844434667;125995.93555543339
85;1.0;2.341513275513995;292689.1594392495;0.5701201544056375;2049.6237726571585;166859.90600621726;1.01209337477218;126511.67184652251
86;1.0;2.3324560074501717;291557.0009312714;0.5723518484447958;2052.561974833819;166468.87840756823;1.0068427558096875;125855.34447621093
87;1.0;2.3332444299740622;291655.55374675785;0.5708052391435997;2053.7507393713518;166842.37526889477;1.0057363163723154;125717.03954653951
88;1.0;2.3333877109141827;291673.46386427275;0.570922989081803;2049.557227385628;166395.4219844934;1.007708710131223;125963.58876640291
89;1.0;2.328229952209857;291028.74402623216;0.5709782516710918;2050.4834585606636;166228.8686415866;1.003933249257348;125491.65615716847
90;1.0;2.324627473652571;290578.4342065713;0.5700402601349117;2037.7605584544413;165434.3242329307;1.0078242979548195;125978.03724435244
91;1.0;2.3406557520221694;292581.96900277113;0.5694986124017992;2052.3068600356455;166801.2813542573;1.0109165437335048;126364.56796668813
92;1.0;2.340396247586364;292549.53094829543;0.5721363461174355;2061.2707928733475;167449.46996247777;1.0073429699813388;125917.87124766735
93;1.0;2.334403536781376;291800.44209767197;0.5721339182465891;2065.375934567112;167197.72006670307;1.0033298471999683;125416.23089999604
94;1.0;2.3247574663113086;290594.68328891357;0.5710944505578723;2041.7239968481015;166000.9256509328;1.0032012894839575;125400.16118549464
95;1.0;2.3299427216036523;291242.8402004566;0.5694241254476994;2033.454551478973;165419.6611280743;1.0117264108090827;126465.80135113533
96;1.0;2.334140607542723;291767.5759428403;0.5704090822800654;2051.632364105181;166531.3629558132;1.0063567773759863;125794.59717199835
97;1.0;2.3250481344746246;290631.0168093281;0.5709846668822314;2045.4189787194723;166456.39656314475;1.0008148124991232;125101.85156239042
98;1.0;2.321350068270549;290168.75853381853;0.5695547111517394;2044.3816987317941;165974.1518080364;0.9995996136064969;124949.95170081212
99;1.0;2.328080500561229;291010.0625701536;0.5688587820845044;2042.7173090539065;165768.09910510218;1.0080413350041484;126005.16687551854
100;1.0;2.3317799066019673;291472.4883252458;0.5700210462189566;2052.287153513724;166890.69721049457;1.0032347007219633;125404.33759024547
101;1.0;2.061252597554113;257656.57469426407;0.5718486199830022;1819.8081098411346;147331.65164784208;0.8833946742181572;110424.33427726969
102;1.0;0.25850519071363715;32313.148839204638;0.5067567028109737;226.82941732569853;18407.046686363552;0.11146920940584146;13933.651175730181
