1;0.0;0.2268871148209663;3545111169.0775995;0.0;0.0;0.0;0.22688968379240965;3545151309.2564
2;0.0;0.012238862721817607;191232230.02840003;0.016728109495960226;156821.67640000005;1023684522.9184014;0.028087227653958394;438862932.0931001
3;0.0;0.003202249824870399;50035153.513599984;0.0010332006164396;20133.58749999999;134645305.4016;0.0035393528935103997;55302388.9611
4;0.0;0.0039674327624384005;61991136.91309998;0.0001575010224975999;9185.2475;61248101.94159996;0.0008664507292415999;13538292.644399995
5;0.0;0.004802835750214397;75044308.5971;0.00016602191319309997;10446.948399999997;72965776.22239998;0.0010123349355199995;15817733.367500005
6;0.0;0.004926783955839997;76980999.31000005;0.00018139878732999985;10742.46;77097588.62000003;0.0008316316603903995;12994244.693599999
7;0.0;0.005838471177446396;91226112.1476;0.00017379013850910008;12343.800000000003;88189536.89389999;0.0010223324691200002;15973944.83
8;0.0;0.007431805832313598;116121966.1299;0.00020425532418989975;15342.445899999997;111055262.56840003;0.0011640771591935998;18188705.6124
9;0.0;0.0083224874135296;130038865.83640008;0.00024360235817000038;17362.144400000012;122105863.05710003;0.0008806835029696008;13760679.733900003
10;0.0;0.006000708906617601;93761076.66589996;0.0002893982885571;15375.311600000006;105375761.45390001;0.0011464382406144;17913097.509600002
11;0.0;0.0063137552415424006;98652425.6491;0.00020474239545789988;13410.221899999997;87417084.1056;0.0009876240269503995;15431625.421099992
12;0.0;0.0062958955918016;98373368.62189999;0.00021389499486840007;12532.422399999998;88896934.2219;0.0011804531928256;18444581.137900006
13;0.0;0.0058210543483903955;90953974.1936;0.00021439057187789978;12285.541100000004;86555144.4275;0.0009790551252224;15297736.331600001
14;0.0;0.005740810738246399;89700167.78510006;0.00020541289337159985;14855.356399999999;96177437.59709996;0.0008371373737664004;13080271.465100002
15;0.0;0.005733680617599999;89588759.65000002;0.00019741112682909986;11765.967500000004;86742554.34909998;0.0009702354380799999;15159928.72
16;0.0;0.006070849311129603;94857020.48640005;0.00019875580105999983;12169.597100000005;86432526.84840003;0.0008791639364095999;13736936.506400004
17;0.0;0.006558169212313596;102471393.94240002;0.0002036189825703999;13700.873900000004;95957626.91960001;0.0008803702512384003;13755785.1756
18;0.0;0.0054874830974144;85741923.3971;0.00022298100464510006;13103.526399999997;97777003.47960003;0.0007184635255999994;11225992.587500002
19;0.0;0.0066312981908224;103614034.2316;0.00018666828970990016;13867.0875;93464991.56999995;0.0009736758640896;15213685.376400001
20;0.0;0.0067077468542656;104808544.59790003;0.0002239471669411001;13804.197099999996;96996333.44639997;0.0008771892333055991;13706081.770399995
21;0.0;0.006544884952390394;102263827.3811;0.0002414261535616001;15739.988399999995;107845185.0674999;0.0009609706425023996;15015166.289099993
22;0.0;0.006876342919545601;107442858.11790001;0.00021949355561000003;13832.553899999999;93034973.09709999;0.0012633117689536;19739246.3899
23;0.0;0.008724223091993596;136315985.81239995;0.00023922211086;15098.042400000002;108091939.44510001;0.0010665756186816005;16665244.04189999
24;0.0;0.0101334394296576;158334991.08839998;0.00036165237250189994;21616.010399999996;142368111.42110005;0.0008835521342144001;13805502.097099997
25;0.0;0.011030325526246398;172348836.34759998;0.0004828418814035999;24152.168399999988;165735086.60990003;0.0010652006976703996;16643760.901099997
26;0.0;0.008634618985849598;134915921.65389997;0.0004977416911996001;21437.91440000001;148072082.70749995;0.0012407448502463998;19386638.285099998
27;0.0;0.006374545679360001;99602276.23999998;0.0003696382449156002;14505.216400000003;101478217.31309998;0.0012473467065024007;19489792.289100006
28;0.0;0.007196788309862395;112449817.34160003;0.00022838522466359998;15151.256399999998;110329281.19960004;0.0011232239818496003;17550374.716400005
29;0.0;0.005829723992646404;91089437.38509996;0.0002551978185900002;14086.86;92694574.5496;0.0006915341984;10805221.850000001
30;0.0;0.0069826194548416;109103428.98189999;0.00019597449509839999;14482.561899999995;101265720.31159995;0.0010438023091455999;16309411.0804
31;0.0;0.0079568387829504;124325605.98359999;0.00023929387099760007;16664.265099999997;116671391.81000002;0.0009650195602623995;15078430.629099997
32;0.0;0.005680744988639998;88761640.44749998;0.00027510209861789987;15260.9816;98116788.18509999;0.0011100597853183995;17344684.1456
33;0.0;0.00624120036912;97518755.76749998;0.00020005708863710017;12793.718399999996;85355271.63639995;0.00125877247408;19668319.9075
34;0.0;0.005497682856959999;85901294.63999999;0.00022095138928759995;13289.871599999997;92856619.19710003;0.0010080824742400001;15751288.66
35;0.0;0.0056731068653056;88642294.77040003;0.0001962236598555999;12608.496400000004;80449057.3475;0.0007425790510336001;11602797.672399996
36;0.0;0.00635306951168;99266711.12000003;0.00020144154527239994;13783.413600000002;90126990.98509999;0.0006644573966016003;10382146.821899999
37;0.0;0.008032730389734401;125511412.33960001;0.00022873616153960022;15823.080400000008;110930739.95240001;0.0007650818858496;11954404.466400001
38;0.0;0.006633558373497598;103649349.58589998;0.0002797813999216001;18093.41;121341024.22839995;0.0010989595449855992;17171242.890400007
39;0.0;0.006722594523545595;105040539.43039998;0.00023528975447389998;13660.585599999991;97186615.96749991;0.0009988468201664004;15606981.565100005
40;0.0;0.005304132934399995;82877077.1;0.00022843526898590007;12771.509099999997;91831527.39310001;0.0010742490103295996;16785140.786399998
41;0.0;0.006250536369945602;97664630.7804;0.00019273411970750009;11593.0176;85741454.46109998;0.0009037733131263996;14121458.017600002
42;0.0;0.004213617156633597;65837768.07239999;0.00021636029173309983;10785.6051;72367078.73390001;0.000921447825119999;14397622.267500002
43;0.0;0.005269910975353599;82342358.98990001;0.00014982450124510015;11302.622399999998;78542377.74749999;0.0008105175301376006;12664336.4084
44;0.0;0.006153497557760001;96148399.33999997;0.00018778467207710006;13238.473099999992;85735223.72909997;0.0007753445227200003;12114758.167499993
45;0.0;0.0064324501546176;100507033.66590004;0.00021615924661760001;14960.577599999997;103236956.42909998;0.0012535120672256005;19586126.050400008
46;0.0;0.006362139842886404;99408435.04510003;0.0002199532578004002;14236.068399999996;102675816.13000003;0.0007642147357376003;11940855.245900001
47;0.0;0.0066613335407616015;104083336.5744;0.00022508348426190025;15065.587499999996;101085645.90760002;0.0009431028120064005;14735981.437599992
48;0.0;0.0068532985208000045;107082789.38749999;0.00022749951765789998;14667.43;106041138.94990003;0.0010590912985856005;16548301.540400002
49;0.0;0.006130875663999997;95794932.24999996;0.00023473213387389995;14112.29;101293900.38960002;0.00099167519152;15494924.867500002
50;0.0;0.005787273318041598;90426145.5944;0.00021475858338750007;15107.469899999993;103472084.32509999;0.0008898170130175999;13903390.828399997
51;0.0;0.0066621833092799995;104096614.20750003;0.0002050171132523999;12737.499999999995;94972173.40999997;0.0010944988831936002;17101545.049900003
52;0.0;0.005320401129062398;83131267.64159995;0.00023729593322989993;12932.209099999996;84467959.82759999;0.0009530771985664;14891831.227600005
53;0.0;0.0055762293229056036;87128583.1704;0.0001827046365064;11784.079999999998;84147253.59790003;0.0014418136367295997;22528338.0739
54;0.0;0.006309883479161596;98591929.3619;0.00018897943211360004;12814.141099999999;86551398.9875;0.0008935287211200006;13961386.267500006
55;0.0;0.007826342352281598;122286599.25439999;0.00021084082592360005;15864.264400000002;112953720.46040004;0.0008470771408575996;13235580.325900001
56;0.0;0.006528966632313595;102015103.62990005;0.0002668570868176003;16072.137100000007;108188790.38159996;0.0012297032575744004;19214113.3996
57;0.0;0.006769542341401601;105774099.08439998;0.00021874848542749968;14473.5091;100747437.83;0.0009389185341695999;14670602.096399995
58;0.0;0.007439715622041596;116245556.59439999;0.00023782102937439998;17310.0171;120578149.86640003;0.0010951681379584002;17112002.155600004
59;0.0;0.006270543911398396;97977248.61560003;0.0002650823380675001;14246.977900000005;101537875.2176;0.0008007403625663998;12511568.165099997
60;0.0;0.005926830833734394;92606731.77710004;0.00022865787039239998;12873.985100000005;86473093.22240001;0.0010004700132863998;15632343.957600003
61;0.0;0.0062912268746496015;98300419.9164;0.0002098437461056;12018.509900000003;86693946.16590002;0.0011474301698303996;17928596.4036
62;0.0;0.005013518281593597;78336223.14989997;0.00021680217344240002;11150.3699;73667435.30190001;0.00100315903024;15674359.847500004
63;0.0;0.004879883694873601;76248182.73239999;0.00017753463583159996;10678.5076;73346365.90509997;0.0009434779473599996;14741842.927500004
64;0.0;0.004797472003705601;74960500.05789998;0.00017536339694510008;10751.296399999997;74162278.65390003;0.0007319658427903992;11436966.293599997
65;0.0;0.007537792539462402;117778008.42909998;0.0001694674723216;14842.865100000003;105849600.59789997;0.0008009600878336;12515001.372399995
66;0.0;0.007584889023078399;118513890.9856;0.00025613214926509996;17185.5275;118464273.9875;0.0010813751409856;16896486.577900004
67;0.0;0.006751545587680001;105492899.80750006;0.0002635853555835999;15710.2416;106089555.30749997;0.00110255722752;17227456.68
68;0.0;0.0076517370858176;119558391.96590006;0.0002347259048824001;15438.5516;115424889.34749998;0.0010207756499456;15949619.530400004
69;0.0;0.0066939270158015984;104592609.62189996;0.0002648947832251001;16444.597899999997;108675728.81360002;0.0008673503476415994;13552349.1819
70;0.0;0.006821164409465601;106580693.89789999;0.00023275742206039992;14841.829599999997;102104834.21639995;0.0007974592691455998;12460301.080399996
71;0.0;0.006639161198406398;103736893.7251;0.0002361954232171001;13968.287499999993;92755970.04000004;0.0010162490025663999;15878890.665100003
72;0.0;0.0063087630242496;98574422.25389999;0.00023664852567039995;14886.164400000007;101210585.34190002;0.0009250285117184;14453570.4956
73;0.0;0.0059430378296;92859966.08749996;0.00021918468352510003;11800.637900000005;82579874.65039998;0.0009544912875264004;14913926.367599996
74;0.0;0.006888974636102398;107640228.68910007;0.0002073431386343999;15458.609899999998;104433247.29040003;0.0007846710062336002;12260484.472399998
75;0.0;0.006472361102079996;101130642.21999997;0.00024289840029;15523.113100000006;104637910.47389996;0.0008996945644736004;14057727.569900004
76;0.0;0.006878735728966401;107480245.76510002;0.00022486611088239994;15314.749099999992;98437976.7816;0.0007712723807424;12051130.9491
77;0.0;0.0066446820205056;103823156.57040001;0.00023835162881789994;14586.273099999993;97600773.30909997;0.0009899448963263998;15467889.0051
78;0.0;0.0055971050256895935;87454766.02639997;0.00023652079172000004;13145.756400000002;83472940.0304;0.0010458639966975998;16341624.948399996
79;0.0;0.007201964749894399;112530699.21709995;0.00019883276079710015;14716.670400000008;102778895.9964;0.0009374203449599999;14647192.889999997
80;0.0;0.0053468703630336015;83544849.42239998;0.00025136814468510013;14629.951600000011;96332441.07360002;0.0010445153592000009;16320552.487500004
81;0.0;0.005131812222873598;80184565.98240001;0.00018599216801309996;11452.028400000003;81658572.6011;0.0010069162806976;15733066.885899995
82;0.0;0.005183567098854398;80993235.9196;0.0001781898117299999;11776.714400000003;80221732.0291;0.0008351692810495994;13049520.016399998
83;0.0;0.005931884638080003;92685697.46999998;0.00018683687437039983;13109.273899999997;96376885.35390003;0.0010996559351999996;17182123.9875
84;0.0;0.006224812724326404;97262698.81760003;0.0002139097527219004;13636.76;98937135.7299;0.0008495572583104001;13274332.161100002
85;0.0;0.007360585497977598;115009148.4059;0.00021688639326749998;16105.3875;106355654.50359999;0.0009716626578624002;15182229.029099999
86;0.0;0.006471453392761606;101116459.26189995;0.0002497816469010999;15411.417100000004;106864793.12159997;0.0008430951653376001;13173361.958400004
87;0.0;0.006641742692198399;103777229.56560001;0.00023176631465040014;16140.327500000003;114454547.41;0.0010812273910463987;16894177.9851
88;0.0;0.006692601383321598;104571896.61439997;0.00023474915674909984;14470.159599999999;101150431.10759999;0.0008664703258815995;13538598.841899998
89;0.0;0.006076450836806398;94944544.32509996;0.0002428177520763998;13619.197900000003;90771179.81;0.0008949039457535994;13982874.152400002
90;0.0;0.004493454315878403;70210223.6856;0.00021642464970109978;11480.202399999993;76722783.1691;0.0009704299243264004;15162967.567600004
91;0.0;0.007957870663679997;124341729.11999995;0.00016114001960509987;14642.061899999997;104205696.66990006;0.0009644142081024005;15068972.0016
92;0.0;0.007636555169817598;119321174.52839999;0.0002682753375584002;15346.649899999995;117400537.7116;0.0011776417752256008;18400652.737900004
93;0.0;0.0069723324619263985;108942694.71760002;0.0002614834608899;16841.596400000002;110051881.94510001;0.0010704939656384;16726468.2131
94;0.0;0.005657822981190399;88403484.0811;0.00024278259496960018;14112.466400000003;92457609.76589999;0.0009616357582015997;15025558.721899988
95;0.0;0.005413657218169599;84588394.03390001;0.00020173208558589984;11495.506400000002;82210408.32909998;0.0007519713470975997;11749552.298399996
96;0.0;0.007781298924665595;121582795.69790001;0.0001921918621131;13392.5875;92601633.6924;0.0011720622554304001;18313472.741099995
97;0.0;0.005064424165734398;79131627.58960003;0.0002718657332074998;13259.027499999998;94786771.56109996;0.00095607558464;14938681.010000005
98;0.0;0.004772489276902403;74570144.9516;0.00018526281428510007;11470.517899999999;74250034.2875;0.0009673158718976001;15114310.498400005
99;0.0;0.005551603672441596;86743807.38189998;0.0001706878371419;12063.333900000001;83622543.2371;0.0010607832989375995;16574739.045900004
100;0.0;0.005458847417670398;85294490.9011;0.0001921372528116001;11520.2475;82221148.66749999;0.0012119423835904003;18936599.743599996
101;0.0;0.26704162293175;4172525358.3085938;0.0001451393857222223;218014.8732638889;1432368883.2065973;0.04746693869855554;741670917.1649307
102;0.0;0.07962875060736;1244199228.24;0.012685619735582219;61052.906666666684;406100640.4622223;0.014737476145493327;230273064.77333328
