1;1.0;0.6533464014042292;81668.30017552861;0.0;0.0;0.0;0.6532116466256692;81651.45582820867
2;1.0;1.7056038560474818;213200.48200593525;0.04501781953356141;138.45448744397822;10726.514181349808;1.566783428890125;195847.92861126564
3;1.0;2.00045787545079;250057.2344313487;0.41173886471101356;1331.3996827515302;103244.11242460331;1.1586897316180702;144836.21645225878
4;1.0;2.1062240677286295;263278.0084660787;0.4997674215056759;1698.3114851641183;131606.66083130063;1.0479738009799442;130996.72512249301
5;1.0;2.1454568151991866;268182.1018998984;0.524902275250428;1818.2992935959894;140921.45571204755;1.0127145003133498;126589.31253916876
6;1.0;2.164888560214354;270611.0700267943;0.5336265181012811;1865.485011932425;144519.39333005;1.0044855826988777;125560.69783735972
7;1.0;2.1705969000063674;271324.6125007959;0.5377936230923683;1885.257609181144;146134.8362521539;0.9965434380383079;124567.92975478855
8;1.0;2.180391337282108;272548.91716026346;0.5390315841912444;1899.9474600880517;147273.52560338052;0.9975069822131474;124688.37277664347
9;1.0;2.180210828718699;272526.3535898374;0.5410311235822551;1902.9059476681623;147554.4497148632;0.9938232329879909;124227.9041234989
10;1.0;2.1786932068123566;272336.6508515446;0.5410856359613105;1903.6658534376197;147509.19389607947;0.9943723952898436;124296.54941123046
11;1.0;2.1818276778308596;272728.45972885744;0.5406950552490101;1908.0201276314835;147889.81319820418;0.994343716033016;124292.96450412694
12;1.0;2.1811259892810195;272640.74866012746;0.5413604812395124;1903.5172870549586;147529.9414864821;0.9957264375428373;124465.80469285471
13;1.0;2.176681518502978;272085.1898128723;0.5412479641100578;1900.759039618397;147355.09348403694;0.9931697728927287;124146.22161159109
14;1.0;2.178614690813209;272326.83635165106;0.5402816198873012;1905.1044900069212;147693.24644198376;0.9912909806115223;123911.37257644028
15;1.0;2.1831244148314477;272890.55185393087;0.5407400799722027;1907.1333641990866;147842.79852581775;0.9962165390534305;124527.0673816788
16;1.0;2.1875585420907515;273444.8177613439;0.5416228328597973;1914.1879834254414;148316.83197008993;0.99539517871804;124424.39733975503
17;1.0;2.1799181935876533;272489.77419845667;0.5425560426675736;1909.271161257603;147954.8231682866;0.9912542791224137;123906.78489030174
18;1.0;2.1819865655238257;272748.32069047826;0.5409835456062719;1908.0890407684224;147861.68181437437;0.9948751499259162;124359.39374073951
19;1.0;2.181096176214788;272637.0220268485;0.5413809112852246;1904.5335668503071;147594.37832861784;0.9958217245939364;124477.71557424203
20;1.0;2.1802951245108093;272536.890563851;0.5411497877355369;1906.065909337021;147624.3478430208;0.9946490922049309;124331.13652561637
21;1.0;2.1752834483258994;271910.4310407374;0.5409586162434117;1896.8980689980738;147049.31807232695;0.9936045757257985;124200.57196572487
22;1.0;2.1705283050421356;271316.03813026677;0.5399741305848036;1891.2037241923435;146507.164162831;0.9940590968355952;124257.38710444942
23;1.0;2.172952117538636;271619.0146923295;0.5388564833841643;1888.046489132725;146286.96508183796;0.9970234181956523;124627.92727445652
24;1.0;2.1781470165892314;272268.3770736539;0.5394584796889447;1898.278900717769;147013.6125949273;0.9965801261343172;124572.51576678966
25;1.0;2.1755861288470077;271948.26610587595;0.5405737135753772;1896.4781731124358;146924.67564021665;0.9956254780630572;124453.18475788218
26;1.0;2.1790627893321832;272382.8486665228;0.5399825540439968;1896.7530049102102;146921.0730986545;0.9987330986871453;124841.63733589317
27;1.0;2.1800556671410467;272506.95839263086;0.5407925470501813;1904.5237203248205;147674.7567197863;0.9936091681467378;124201.14601834223
28;1.0;2.1739233135295324;271740.4141911915;0.5409866036762424;1898.981442173467;147143.01969861367;0.991837631515572;123979.70393944648
29;1.0;2.1747414741959386;271842.6842744923;0.5397449986347715;1897.5481205994172;147017.56751823804;0.9949684029661956;124371.05037077444
30;1.0;2.1688362083415895;271104.52604269853;0.539786696000983;1886.3189483463657;146192.84441493792;0.9929008291838686;124112.60364798357
31;1.0;2.171459052474216;271432.381559277;0.5386057808706295;1889.3465180594865;146297.8698722202;0.9963162579901325;124539.53224876658
32;1.0;2.1708327024916025;271354.08781145024;0.5391438385771539;1887.095394706126;146233.8779033251;0.9959529544602345;124494.11930752934
33;1.0;2.1798133057760767;272476.66322200967;0.5390717428818107;1900.2413071968347;147224.9618817687;0.9973619220566562;124670.2402570821
34;1.0;2.1680447997132744;271005.5999641593;0.5409719131789723;1891.9074905356417;146532.70877793073;0.9898591101224578;123732.38876530722
35;1.0;2.166154626579817;270769.3283224771;0.5384366379403203;1883.3980405157351;145905.55835912284;0.9939355018350314;124241.93772937889
36;1.0;2.1692648968754473;271158.11210943107;0.5380332834916637;1883.4295209945774;145933.28106518713;0.9974672602901612;124683.40753627014
37;1.0;2.169003514666621;271125.4393333277;0.538714730537001;1885.0214366765033;146014.81575541623;0.9954979942549779;124437.24928187217
38;1.0;2.1757722496990137;271971.53121237666;0.5386550367766757;1899.301729254575;147146.81367784028;0.9938221516720835;124227.76895901044
39;1.0;2.1725754427831467;271571.93034789327;0.5401082368766239;1897.9317819166806;147071.5622051339;0.9914808292105873;123935.10365132343
40;1.0;2.1718352154264746;271479.4019283094;0.5394287555881511;1894.1663501008393;146779.717347533;0.9923821376801896;124047.76721002374
41;1.0;2.1690824656668966;271135.308208362;0.5392388304857719;1882.442388803455;145843.96780459926;0.9973527269571023;124669.09086963776
42;1.0;2.173963640451185;271745.4550563981;0.5386653089065956;1892.8672837928948;146672.5541960453;0.9957560962026213;124469.51202532771
43;1.0;2.1669751417605507;270871.8927200688;0.5397161410321413;1881.6810854970404;145866.35778037;0.994749638458334;124343.70480729172
44;1.0;2.167785879184362;270973.23489804537;0.5382371312895152;1886.1568329788902;146040.32489883195;0.9947258463666848;124340.7307958356
45;1.0;2.166353085203736;270794.13565046707;0.5383705954156814;1883.1404813828171;145957.86196360452;0.9938821349408183;124235.26686760236
46;1.0;2.1639416344460582;270492.70430575724;0.5381033297401758;1874.0422139695374;145203.64533092134;0.9967586909785326;124594.83637231664
47;1.0;2.166449894900837;270806.23686260486;0.5376107102988871;1880.3898494702164;145714.35643481973;0.9955266253055468;124440.82816319332
48;1.0;2.1738574032921183;271732.1754115148;0.5381389615739912;1886.9857462118002;146252.75962356833;0.9985657847858819;124820.72309823515
49;1.0;2.1730289724681136;271628.6215585142;0.5396350946391574;1888.515605861278;146352.10482716394;0.9971547114156132;124644.3389269517
50;1.0;2.170501439423925;271312.67992799066;0.5395101931328256;1892.656426011402;146634.51778895326;0.9925658997871372;124070.73747339215
51;1.0;2.1727796026245003;271597.4503280625;0.5389710114446815;1888.749374870664;146276.6165374502;0.9977594423830649;124719.93029788315
52;1.0;2.16544607521559;270680.7594019487;0.5394693262846136;1884.5018674394325;146023.0247326824;0.9932426014550776;124155.32518188472
53;1.0;2.1693433771168777;271167.92213960964;0.5378982312190843;1885.2357733816316;146005.3575640015;0.9970482075150644;124631.02593938306
54;1.0;2.1635134436586023;270439.1804573253;0.5387424359870961;1880.398666888892;145741.1648245881;0.9927298782032389;124091.23477540484
55;1.0;2.1653698612747245;270671.2326593405;0.537475848591759;1881.612382767106;145917.79237122284;0.9935291299731104;124191.14124663886
56;1.0;2.166489539536123;270811.1924420154;0.5378844268861022;1884.0308021997025;145982.5295251412;0.9936884556965658;124211.05696207068
57;1.0;2.175896778247095;271987.0972808869;0.5381111929962191;1890.6700201771087;146550.5014106731;0.9982900030058367;124786.25037572962
58;1.0;2.174185192804302;271773.1491005377;0.5401109446487846;1895.468533032287;146906.99088320477;0.9949656856942688;124370.71071178361
59;1.0;2.1674828913119537;270935.3614139944;0.5397248325020884;1885.6792630081325;146188.87874024175;0.992479154411401;124059.89430142517
60;1.0;2.1732028367856357;271650.3545982044;0.5382793192770866;1889.6233235926159;146446.0473231549;0.996114627555938;124514.32844449226
61;1.0;2.1737011079870614;271712.6384983827;0.5394962520400722;1889.8124390268429;146484.11442603543;0.9965974083111887;124574.6760388986
62;1.0;2.171942988217698;271492.87352721224;0.5396429820146157;1889.9575802810264;146460.64889781098;0.9950405490634697;124380.06863293366
63;1.0;2.179343727617568;272417.96595219587;0.5393075276510935;1892.4631868290166;146590.5311440835;1.0018502587708686;125231.2823463586
64;1.0;2.176864766312439;272108.0957890549;0.5408088568818313;1902.2918140381944;147458.78683025803;0.992666087842456;124083.26098030704
65;1.0;2.174876055553049;271859.5069441311;0.5402890345159131;1894.862202826823;146965.1570757512;0.9946932348903657;124336.6543612957
66;1.0;2.1797275908256637;272465.948853208;0.5398371882406814;1904.877273910509;147693.28170966046;0.9929689603737433;124121.1200467179
67;1.0;2.177162040794441;272145.2550993052;0.5409094104306673;1901.3868983308926;147405.37201762613;0.9932407116321424;124155.0889540178
68;1.0;2.1756505640258514;271956.3205032315;0.540396289610635;1901.1775218334708;147294.08313056373;0.9925672482094631;124070.90602618294
69;1.0;2.1769907930022314;272123.84912527906;0.5401260858739758;1899.923564229696;147283.04681150927;0.9952128984304266;124401.61230380333
70;1.0;2.175263265698246;271907.9082122806;0.5402886711587034;1898.7636234311867;147138.2455632524;0.9916863822300962;123960.79777876206
71;1.0;2.1706582177122025;271332.2772140253;0.5400052770854785;1891.3938153518227;146636.96698561474;0.9930565201573465;124132.06501966831
72;1.0;2.1762549170125665;272031.8646265706;0.539020108862137;1897.1585491096641;147015.19576409817;0.9959374932006034;124492.18665007548
73;1.0;2.1742893265768464;271786.16582210583;0.5401053196217454;1895.2922450214937;146870.65480167238;0.9947202087805652;124340.02609757065
74;1.0;2.173533512254738;271691.6890318423;0.539653359928721;1895.4923087073264;146903.48777307136;0.9924854880879669;124060.68601099584
75;1.0;2.1789112148683953;272363.9018585495;0.5395361951683281;1896.1727574027625;146940.6526933917;0.997847701924729;124730.96274059112
76;1.0;2.175430035615933;271928.7544519916;0.5407395313841497;1894.628285777089;146854.29612147968;0.9958006764815366;124475.08456019209
77;1.0;2.181709905360839;272713.7381701048;0.5400488913544095;1904.2771633739649;147634.088478181;0.9962140802153828;124526.76002692292
78;1.0;2.1765666328557987;272070.82910697494;0.5412431608511294;1900.4034614383743;147297.48718382535;0.9924805107564973;124060.06384456216
79;1.0;2.175583810094494;271947.97626181174;0.5402148369445687;1899.7031281831094;147201.266976386;0.9929416891967567;124117.71114959463
80;1.0;2.175114587835976;271889.32347949705;0.5399746383231772;1894.7579364845403;146866.39083594704;0.9942204766839599;124277.55958549496
81;1.0;2.1792828455488857;272410.3556936108;0.539954216877461;1904.6327816852813;147576.8428706985;0.9932784497909145;124159.80622386432
82;1.0;2.176594294343677;272074.2867929596;0.5407817329031208;1901.15449886973;147278.44684679926;0.993371259596316;124171.40744953955
83;1.0;2.170097383760732;271262.17297009163;0.5402578185729578;1892.5676515368539;146632.834109779;0.992255120943832;124031.89011797906
84;1.0;2.1730303902885457;271628.7987860682;0.5389021927999983;1889.0165270477225;146401.06827436562;0.9976610055482283;124707.62569352852
85;1.0;2.1735844780131837;271698.05975164793;0.5394797344085899;1891.6048175493868;146522.49630507443;0.9961886096781515;124523.57620976899
86;1.0;2.1704269544975188;271303.36931218987;0.5396167363960326;1892.113981270611;146546.27833417736;0.9934509186241436;124181.36482801795
87;1.0;2.1698960202732174;271237.00253415224;0.5389418551035242;1883.108785330976;145994.82505984983;0.9973096874395868;124663.7109299483
88;1.0;2.1735215329267916;271690.19161584886;0.5387922124567527;1892.4123895243185;146698.81999404702;0.9949140443614619;124364.25554518274
89;1.0;2.175768150442184;271971.018805273;0.5395535127227618;1896.750824063743;147021.73612470983;0.9942796671162412;124284.95838953019
90;1.0;2.1686041354052814;271075.5169256601;0.5399464557007486;1889.787842145533;146480.42224624916;0.9909542322061818;123869.27902577275
91;1.0;2.162764531278836;270345.5664098547;0.5385563536350619;1871.970885218937;145153.3662175825;0.997084526207645;124635.5657759556
92;1.0;2.168800878753009;271100.1098441261;0.5372848981170578;1882.1334307319726;145891.5823304786;0.9959825757919069;124497.82197398841
93;1.0;2.175163108919462;271895.38861493266;0.538630156933884;1895.4543230916681;146903.95422459047;0.9964899772142313;124561.24715177891
94;1.0;2.1671136860148628;270889.2107518577;0.5398690628906635;1890.0271457188428;146399.99386536118;0.9903619202528693;123795.24003160867
95;1.0;2.1673684766340062;270921.05957925075;0.5381141652241284;1880.9264425916833;145719.89115922918;0.9948575556663871;124357.19445829841
96;1.0;2.1715745056942515;271446.8132117814;0.5382714816822322;1888.5288944660422;146440.876830392;0.9957325961733066;124466.57452166335
97;1.0;2.1705662564249075;271320.78205311333;0.5391620260919643;1886.5817151423262;146216.93613342804;0.9948747080677025;124359.33850846288
98;1.0;2.1674112480061147;270926.4060007644;0.5390515617385291;1886.7860574835925;146246.60314675153;0.99243713959451;124054.64244931369
99;1.0;2.162015714558549;270251.96431981865;0.5383163206896767;1874.2660857240535;145326.50121608115;0.9942655195498481;124283.18994373096
100;1.0;2.162333269863729;270291.6587329661;0.5371719870779798;1868.8903105656536;144869.10308851537;0.998156336219062;124769.54202738276
101;1.0;1.8789344034315973;234866.80042894965;0.5377059465960781;1636.6418452224973;126729.7268148791;0.8640524909349953;108006.5613668744
102;1.0;0.15699246645552606;19624.058306940755;0.4994198126446245;138.70103711388515;10653.609688788056;0.07177712368189254;8972.14046023657
